{"contracts/pmms/core/DeFiStrategies.sol":{"l":{"16":0,"17":0,"18":0,"19":0,"20":0,"21":0,"22":0,"23":0,"24":0,"25":0,"26":0,"27":0,"28":0,"29":0,"30":0,"31":0,"32":0,"33":0},"path":"/Users/kudakwashemafutah/Documents/blockchainContracts/contracts/pmms/core/DeFiStrategies.sol","s":{"1":0,"2":0,"3":0,"4":0,"5":0,"6":0,"7":0,"8":0,"9":0,"10":0,"11":0,"12":0,"13":0,"14":0,"15":0,"16":0,"17":0,"18":0},"b":{},"f":{"1":0},"fnMap":{"1":{"name":"constructor","line":15,"loc":{"start":{"line":15,"column":8},"end":{"line":34,"column":8}}}},"statementMap":{"1":{"start":{"line":16,"column":12},"end":{"line":16,"column":188}},"2":{"start":{"line":17,"column":12},"end":{"line":17,"column":198}},"3":{"start":{"line":18,"column":12},"end":{"line":18,"column":218}},"4":{"start":{"line":19,"column":12},"end":{"line":19,"column":177}},"5":{"start":{"line":20,"column":12},"end":{"line":20,"column":177}},"6":{"start":{"line":21,"column":12},"end":{"line":21,"column":169}},"7":{"start":{"line":22,"column":12},"end":{"line":22,"column":192}},"8":{"start":{"line":23,"column":12},"end":{"line":23,"column":186}},"9":{"start":{"line":24,"column":12},"end":{"line":24,"column":160}},"10":{"start":{"line":25,"column":12},"end":{"line":25,"column":193}},"11":{"start":{"line":26,"column":12},"end":{"line":26,"column":184}},"12":{"start":{"line":27,"column":12},"end":{"line":27,"column":174}},"13":{"start":{"line":28,"column":12},"end":{"line":28,"column":159}},"14":{"start":{"line":29,"column":12},"end":{"line":29,"column":146}},"15":{"start":{"line":30,"column":12},"end":{"line":30,"column":175}},"16":{"start":{"line":31,"column":12},"end":{"line":31,"column":174}},"17":{"start":{"line":32,"column":12},"end":{"line":32,"column":154}},"18":{"start":{"line":33,"column":12},"end":{"line":33,"column":182}}},"branchMap":{}},"contracts/pmms/core/FlashloanExecutor.sol":{"l":{"22":0,"23":0,"31":0,"32":0,"33":0,"34":0,"44":0,"45":0,"47":0,"57":0,"59":0,"60":0,"62":0,"63":0,"67":0,"68":0},"path":"/Users/kudakwashemafutah/Documents/blockchainContracts/contracts/pmms/core/FlashloanExecutor.sol","s":{"1":0,"2":0,"3":0,"4":0,"5":0,"6":0,"7":0,"8":0,"9":0,"10":0,"11":0,"12":0,"13":0,"14":0},"b":{"1":[0,0],"2":[0,0],"3":[0,0],"4":[0,0],"5":[0,0],"6":[0,0],"7":[0,0],"8":[0,0]},"f":{"1":0,"2":0,"3":0,"4":0},"fnMap":{"1":{"name":"constructor","line":21,"loc":{"start":{"line":17,"column":4},"end":{"line":24,"column":4}}},"2":{"name":"initiateFlashLoan","line":30,"loc":{"start":{"line":26,"column":4},"end":{"line":35,"column":4}}},"3":{"name":"executeOperation","line":37,"loc":{"start":{"line":37,"column":4},"end":{"line":64,"column":4}}},"4":{"name":"updateExecutor","line":66,"loc":{"start":{"line":66,"column":4},"end":{"line":69,"column":4}}}},"statementMap":{"1":{"start":{"line":22,"column":8},"end":{"line":22,"column":84}},"2":{"start":{"line":31,"column":8},"end":{"line":31,"column":54}},"3":{"start":{"line":32,"column":8},"end":{"line":32,"column":55}},"4":{"start":{"line":33,"column":8},"end":{"line":33,"column":66}},"5":{"start":{"line":34,"column":8},"end":{"line":34,"column":46}},"6":{"start":{"line":44,"column":8},"end":{"line":44,"column":61}},"7":{"start":{"line":45,"column":8},"end":{"line":45,"column":63}},"8":{"start":{"line":47,"column":8},"end":{"line":47,"column":1738}},"9":{"start":{"line":57,"column":8},"end":{"line":57,"column":52}},"10":{"start":{"line":59,"column":8},"end":{"line":59,"column":44}},"11":{"start":{"line":60,"column":8},"end":{"line":60,"column":54}},"12":{"start":{"line":62,"column":8},"end":{"line":62,"column":62}},"13":{"start":{"line":63,"column":8},"end":{"line":63,"column":19}},"14":{"start":{"line":67,"column":8},"end":{"line":67,"column":69}}},"branchMap":{"1":{"line":22,"type":"if","locations":[{"start":{"line":22,"column":8},"end":{"line":22,"column":8}},{"start":{"line":22,"column":8},"end":{"line":22,"column":8}}]},"2":{"line":30,"type":"if","locations":[{"start":{"line":30,"column":15},"end":{"line":30,"column":15}},{"start":{"line":30,"column":15},"end":{"line":30,"column":15}}]},"3":{"line":31,"type":"if","locations":[{"start":{"line":31,"column":8},"end":{"line":31,"column":8}},{"start":{"line":31,"column":8},"end":{"line":31,"column":8}}]},"4":{"line":44,"type":"if","locations":[{"start":{"line":44,"column":8},"end":{"line":44,"column":8}},{"start":{"line":44,"column":8},"end":{"line":44,"column":8}}]},"5":{"line":45,"type":"if","locations":[{"start":{"line":45,"column":8},"end":{"line":45,"column":8}},{"start":{"line":45,"column":8},"end":{"line":45,"column":8}}]},"6":{"line":57,"type":"if","locations":[{"start":{"line":57,"column":8},"end":{"line":57,"column":8}},{"start":{"line":57,"column":8},"end":{"line":57,"column":8}}]},"7":{"line":66,"type":"if","locations":[{"start":{"line":66,"column":58},"end":{"line":66,"column":58}},{"start":{"line":66,"column":58},"end":{"line":66,"column":58}}]},"8":{"line":67,"type":"if","locations":[{"start":{"line":67,"column":8},"end":{"line":67,"column":8}},{"start":{"line":67,"column":8},"end":{"line":67,"column":8}}]}}},"contracts/pmms/core/Registry.sol":{"l":{"22":0,"23":0,"24":0,"25":0,"26":0,"30":0,"31":0,"32":0,"36":0,"40":0,"41":0,"42":0,"44":0,"48":0,"52":0,"53":0,"54":0,"58":0,"62":0,"63":0,"64":0,"68":0,"69":0},"path":"/Users/kudakwashemafutah/Documents/blockchainContracts/contracts/pmms/core/Registry.sol","s":{"1":0,"2":0,"3":0,"4":0,"5":0,"6":0,"7":0,"8":0,"9":0,"10":0,"11":0,"12":0,"13":0,"14":0,"15":0,"16":0,"17":0,"18":0},"b":{"1":[0,0],"2":[0,0],"3":[0,0],"4":[0,0],"5":[0,0],"6":[0,0],"7":[0,0],"8":[0,0],"9":[0,0],"10":[0,0]},"f":{"1":0,"2":0,"3":0,"4":0,"5":0,"6":0,"7":0,"8":0,"9":0,"10":0},"fnMap":{"1":{"name":"constructor","line":19,"loc":{"start":{"line":19,"column":4},"end":{"line":19,"column":63}}},"2":{"name":"registerStrategy","line":21,"loc":{"start":{"line":21,"column":4},"end":{"line":27,"column":4}}},"3":{"name":"deregisterStrategy","line":29,"loc":{"start":{"line":29,"column":4},"end":{"line":33,"column":4}}},"4":{"name":"getStrategy","line":35,"loc":{"start":{"line":35,"column":4},"end":{"line":37,"column":4}}},"5":{"name":"getStrategies","line":39,"loc":{"start":{"line":39,"column":4},"end":{"line":45,"column":4}}},"6":{"name":"getStrategyNames","line":47,"loc":{"start":{"line":47,"column":4},"end":{"line":49,"column":4}}},"7":{"name":"setAddress","line":51,"loc":{"start":{"line":51,"column":4},"end":{"line":55,"column":4}}},"8":{"name":"getAddress","line":57,"loc":{"start":{"line":57,"column":4},"end":{"line":59,"column":4}}},"9":{"name":"setNftFloorOracle","line":61,"loc":{"start":{"line":61,"column":4},"end":{"line":65,"column":4}}},"10":{"name":"getNftFloorPrice","line":67,"loc":{"start":{"line":67,"column":4},"end":{"line":70,"column":4}}}},"statementMap":{"1":{"start":{"line":22,"column":8},"end":{"line":22,"column":77}},"2":{"start":{"line":23,"column":8},"end":{"line":23,"column":66}},"3":{"start":{"line":25,"column":8},"end":{"line":25,"column":31}},"4":{"start":{"line":26,"column":8},"end":{"line":26,"column":47}},"5":{"start":{"line":30,"column":8},"end":{"line":30,"column":68}},"6":{"start":{"line":32,"column":8},"end":{"line":32,"column":39}},"7":{"start":{"line":36,"column":8},"end":{"line":36,"column":31}},"8":{"start":{"line":40,"column":8},"end":{"line":40,"column":80}},"9":{"start":{"line":41,"column":8},"end":{"line":41,"column":1656}},"10":{"start":{"line":44,"column":8},"end":{"line":44,"column":32}},"11":{"start":{"line":48,"column":8},"end":{"line":48,"column":28}},"12":{"start":{"line":52,"column":8},"end":{"line":52,"column":54}},"13":{"start":{"line":54,"column":8},"end":{"line":54,"column":35}},"14":{"start":{"line":58,"column":8},"end":{"line":58,"column":29}},"15":{"start":{"line":62,"column":8},"end":{"line":62,"column":62}},"16":{"start":{"line":64,"column":8},"end":{"line":64,"column":42}},"17":{"start":{"line":68,"column":8},"end":{"line":68,"column":72}},"18":{"start":{"line":69,"column":8},"end":{"line":69,"column":73}}},"branchMap":{"1":{"line":21,"type":"if","locations":[{"start":{"line":21,"column":88},"end":{"line":21,"column":88}},{"start":{"line":21,"column":88},"end":{"line":21,"column":88}}]},"2":{"line":22,"type":"if","locations":[{"start":{"line":22,"column":8},"end":{"line":22,"column":8}},{"start":{"line":22,"column":8},"end":{"line":22,"column":8}}]},"3":{"line":23,"type":"if","locations":[{"start":{"line":23,"column":8},"end":{"line":23,"column":8}},{"start":{"line":23,"column":8},"end":{"line":23,"column":8}}]},"4":{"line":29,"type":"if","locations":[{"start":{"line":29,"column":72},"end":{"line":29,"column":72}},{"start":{"line":29,"column":72},"end":{"line":29,"column":72}}]},"5":{"line":30,"type":"if","locations":[{"start":{"line":30,"column":8},"end":{"line":30,"column":8}},{"start":{"line":30,"column":8},"end":{"line":30,"column":8}}]},"6":{"line":51,"type":"if","locations":[{"start":{"line":51,"column":67},"end":{"line":51,"column":67}},{"start":{"line":51,"column":67},"end":{"line":51,"column":67}}]},"7":{"line":52,"type":"if","locations":[{"start":{"line":52,"column":8},"end":{"line":52,"column":8}},{"start":{"line":52,"column":8},"end":{"line":52,"column":8}}]},"8":{"line":61,"type":"if","locations":[{"start":{"line":61,"column":56},"end":{"line":61,"column":56}},{"start":{"line":61,"column":56},"end":{"line":61,"column":56}}]},"9":{"line":62,"type":"if","locations":[{"start":{"line":62,"column":8},"end":{"line":62,"column":8}},{"start":{"line":62,"column":8},"end":{"line":62,"column":8}}]},"10":{"line":68,"type":"if","locations":[{"start":{"line":68,"column":8},"end":{"line":68,"column":8}},{"start":{"line":68,"column":8},"end":{"line":68,"column":8}}]}}},"contracts/pmms/core/StrategyExecutor.sol":{"l":{"16":0,"17":0,"18":0,"26":0,"28":0,"29":0,"30":0,"31":0,"33":0,"34":0,"35":0,"37":0,"39":0,"40":0,"41":0,"42":0,"46":0,"47":0,"50":0,"51":0,"52":0,"56":0,"60":0,"61":0},"path":"/Users/kudakwashemafutah/Documents/blockchainContracts/contracts/pmms/core/StrategyExecutor.sol","s":{"1":0,"2":0,"3":0,"4":0,"5":0,"6":0,"7":0,"8":0,"9":0,"10":0,"11":0,"12":0,"13":0,"14":0,"15":0,"16":0,"17":0,"18":0},"b":{"1":[0,0],"2":[0,0],"3":[0,0],"4":[0,0],"5":[0,0],"6":[0,0],"7":[0,0],"8":[0,0]},"f":{"1":0,"2":0,"3":0},"fnMap":{"1":{"name":"constructor","line":15,"loc":{"start":{"line":15,"column":4},"end":{"line":19,"column":4}}},"2":{"name":"findAndExecute","line":21,"loc":{"start":{"line":21,"column":4},"end":{"line":57,"column":4}}},"3":{"name":"updateFlashloanExecutor","line":59,"loc":{"start":{"line":59,"column":4},"end":{"line":62,"column":4}}}},"statementMap":{"1":{"start":{"line":16,"column":8},"end":{"line":16,"column":96}},"2":{"start":{"line":26,"column":8},"end":{"line":26,"column":63}},"3":{"start":{"line":28,"column":8},"end":{"line":28,"column":67}},"4":{"start":{"line":29,"column":8},"end":{"line":29,"column":30}},"5":{"start":{"line":30,"column":8},"end":{"line":30,"column":28}},"6":{"start":{"line":31,"column":8},"end":{"line":31,"column":38}},"7":{"start":{"line":33,"column":8},"end":{"line":33,"column":1174}},"8":{"start":{"line":34,"column":12},"end":{"line":34,"column":73}},"9":{"start":{"line":35,"column":12},"end":{"line":35,"column":52}},"10":{"start":{"line":37,"column":12},"end":{"line":37,"column":114}},"11":{"start":{"line":39,"column":12},"end":{"line":39,"column":1502}},"12":{"start":{"line":46,"column":8},"end":{"line":46,"column":1711}},"13":{"start":{"line":47,"column":12},"end":{"line":47,"column":1832}},"14":{"start":{"line":50,"column":12},"end":{"line":50,"column":1940}},"15":{"start":{"line":51,"column":16},"end":{"line":51,"column":90}},"16":{"start":{"line":52,"column":16},"end":{"line":52,"column":45}},"17":{"start":{"line":56,"column":8},"end":{"line":56,"column":54}},"18":{"start":{"line":60,"column":8},"end":{"line":60,"column":69}}},"branchMap":{"1":{"line":16,"type":"if","locations":[{"start":{"line":16,"column":8},"end":{"line":16,"column":8}},{"start":{"line":16,"column":8},"end":{"line":16,"column":8}}]},"2":{"line":26,"type":"if","locations":[{"start":{"line":26,"column":8},"end":{"line":26,"column":8}},{"start":{"line":26,"column":8},"end":{"line":26,"column":8}}]},"3":{"line":35,"type":"if","locations":[{"start":{"line":35,"column":12},"end":{"line":35,"column":12}},{"start":{"line":35,"column":12},"end":{"line":35,"column":12}}]},"4":{"line":39,"type":"if","locations":[{"start":{"line":39,"column":12},"end":{"line":39,"column":12}},{"start":{"line":39,"column":12},"end":{"line":39,"column":12}}]},"5":{"line":46,"type":"if","locations":[{"start":{"line":46,"column":8},"end":{"line":46,"column":8}},{"start":{"line":46,"column":8},"end":{"line":46,"column":8}}]},"6":{"line":50,"type":"if","locations":[{"start":{"line":50,"column":12},"end":{"line":50,"column":12}},{"start":{"line":50,"column":12},"end":{"line":50,"column":12}}]},"7":{"line":59,"type":"if","locations":[{"start":{"line":59,"column":67},"end":{"line":59,"column":67}},{"start":{"line":59,"column":67},"end":{"line":59,"column":67}}]},"8":{"line":60,"type":"if","locations":[{"start":{"line":60,"column":8},"end":{"line":60,"column":8}},{"start":{"line":60,"column":8},"end":{"line":60,"column":8}}]}}},"contracts/pmms/core/StrategyIds.sol":{"l":{},"path":"/Users/kudakwashemafutah/Documents/blockchainContracts/contracts/pmms/core/StrategyIds.sol","s":{},"b":{},"f":{},"fnMap":{},"statementMap":{},"branchMap":{}},"contracts/pmms/core/StrategyRegistry.sol":{"l":{"11":0,"12":0,"13":0,"14":0,"18":0,"22":0},"path":"/Users/kudakwashemafutah/Documents/blockchainContracts/contracts/pmms/core/StrategyRegistry.sol","s":{"1":0,"2":0,"3":0,"4":0,"5":0},"b":{"1":[0,0]},"f":{"1":0,"2":0,"3":0},"fnMap":{"1":{"name":"registerStrategy","line":10,"loc":{"start":{"line":10,"column":4},"end":{"line":15,"column":4}}},"2":{"name":"getStrategy","line":17,"loc":{"start":{"line":17,"column":4},"end":{"line":19,"column":4}}},"3":{"name":"getStrategyNames","line":21,"loc":{"start":{"line":21,"column":4},"end":{"line":23,"column":4}}}},"statementMap":{"1":{"start":{"line":11,"column":8},"end":{"line":11,"column":77}},"2":{"start":{"line":13,"column":8},"end":{"line":13,"column":31}},"3":{"start":{"line":14,"column":8},"end":{"line":14,"column":47}},"4":{"start":{"line":18,"column":8},"end":{"line":18,"column":31}},"5":{"start":{"line":22,"column":8},"end":{"line":22,"column":28}}},"branchMap":{"1":{"line":11,"type":"if","locations":[{"start":{"line":11,"column":8},"end":{"line":11,"column":8}},{"start":{"line":11,"column":8},"end":{"line":11,"column":8}}]}}},"contracts/pmms/FlashloanExecutor.sol":{"l":{"22":0,"23":0,"24":0,"32":0,"48":0,"49":0,"52":0,"62":0,"63":0,"65":0,"66":0,"70":0,"71":0},"path":"/Users/kudakwashemafutah/Documents/blockchainContracts/contracts/pmms/FlashloanExecutor.sol","s":{"1":0,"2":0,"3":0,"4":0,"5":0,"6":0,"7":0,"8":0,"9":0,"10":0},"b":{"1":[0,0],"2":[0,0],"3":[0,0],"4":[0,0],"5":[0,0],"6":[0,0]},"f":{"1":0,"2":0,"3":0,"4":0},"fnMap":{"1":{"name":"constructor","line":21,"loc":{"start":{"line":16,"column":4},"end":{"line":25,"column":4}}},"2":{"name":"executeStrategy","line":31,"loc":{"start":{"line":27,"column":4},"end":{"line":39,"column":4}}},"3":{"name":"executeOperation","line":41,"loc":{"start":{"line":41,"column":4},"end":{"line":67,"column":4}}},"4":{"name":"updateStrategyExecutor","line":69,"loc":{"start":{"line":69,"column":4},"end":{"line":72,"column":4}}}},"statementMap":{"1":{"start":{"line":22,"column":8},"end":{"line":22,"column":95}},"2":{"start":{"line":32,"column":8},"end":{"line":32,"column":1120}},"3":{"start":{"line":48,"column":8},"end":{"line":48,"column":59}},"4":{"start":{"line":49,"column":8},"end":{"line":49,"column":63}},"5":{"start":{"line":52,"column":8},"end":{"line":52,"column":1641}},"6":{"start":{"line":62,"column":8},"end":{"line":62,"column":46}},"7":{"start":{"line":63,"column":8},"end":{"line":63,"column":56}},"8":{"start":{"line":65,"column":8},"end":{"line":65,"column":63}},"9":{"start":{"line":66,"column":8},"end":{"line":66,"column":22}},"10":{"start":{"line":70,"column":8},"end":{"line":70,"column":69}}},"branchMap":{"1":{"line":22,"type":"if","locations":[{"start":{"line":22,"column":8},"end":{"line":22,"column":8}},{"start":{"line":22,"column":8},"end":{"line":22,"column":8}}]},"2":{"line":31,"type":"if","locations":[{"start":{"line":31,"column":15},"end":{"line":31,"column":15}},{"start":{"line":31,"column":15},"end":{"line":31,"column":15}}]},"3":{"line":48,"type":"if","locations":[{"start":{"line":48,"column":8},"end":{"line":48,"column":8}},{"start":{"line":48,"column":8},"end":{"line":48,"column":8}}]},"4":{"line":49,"type":"if","locations":[{"start":{"line":49,"column":8},"end":{"line":49,"column":8}},{"start":{"line":49,"column":8},"end":{"line":49,"column":8}}]},"5":{"line":69,"type":"if","locations":[{"start":{"line":69,"column":66},"end":{"line":69,"column":66}},{"start":{"line":69,"column":66},"end":{"line":69,"column":66}}]},"6":{"line":70,"type":"if","locations":[{"start":{"line":70,"column":8},"end":{"line":70,"column":8}},{"start":{"line":70,"column":8},"end":{"line":70,"column":8}}]}}},"contracts/pmms/interfaces/IAavePool.sol":{"l":{},"path":"/Users/kudakwashemafutah/Documents/blockchainContracts/contracts/pmms/interfaces/IAavePool.sol","s":{},"b":{},"f":{},"fnMap":{},"statementMap":{},"branchMap":{}},"contracts/pmms/interfaces/ICompound.sol":{"l":{},"path":"/Users/kudakwashemafutah/Documents/blockchainContracts/contracts/pmms/interfaces/ICompound.sol","s":{},"b":{},"f":{},"fnMap":{},"statementMap":{},"branchMap":{}},"contracts/pmms/interfaces/IConvexBooster.sol":{"l":{},"path":"/Users/kudakwashemafutah/Documents/blockchainContracts/contracts/pmms/interfaces/IConvexBooster.sol","s":{},"b":{},"f":{},"fnMap":{},"statementMap":{},"branchMap":{}},"contracts/pmms/interfaces/ICurvePool.sol":{"l":{},"path":"/Users/kudakwashemafutah/Documents/blockchainContracts/contracts/pmms/interfaces/ICurvePool.sol","s":{},"b":{},"f":{},"fnMap":{},"statementMap":{},"branchMap":{}},"contracts/pmms/interfaces/INftFloorOracle.sol":{"l":{},"path":"/Users/kudakwashemafutah/Documents/blockchainContracts/contracts/pmms/interfaces/INftFloorOracle.sol","s":{},"b":{},"f":{},"fnMap":{},"statementMap":{},"branchMap":{}},"contracts/pmms/interfaces/IQuoter.sol":{"l":{},"path":"/Users/kudakwashemafutah/Documents/blockchainContracts/contracts/pmms/interfaces/IQuoter.sol","s":{},"b":{},"f":{},"fnMap":{},"statementMap":{},"branchMap":{}},"contracts/pmms/interfaces/IRegistry.sol":{"l":{},"path":"/Users/kudakwashemafutah/Documents/blockchainContracts/contracts/pmms/interfaces/IRegistry.sol","s":{},"b":{},"f":{},"fnMap":{},"statementMap":{},"branchMap":{}},"contracts/pmms/interfaces/IStrategy.sol":{"l":{},"path":"/Users/kudakwashemafutah/Documents/blockchainContracts/contracts/pmms/interfaces/IStrategy.sol","s":{},"b":{},"f":{},"fnMap":{},"statementMap":{},"branchMap":{}},"contracts/pmms/interfaces/ISwapRouter.sol":{"l":{},"path":"/Users/kudakwashemafutah/Documents/blockchainContracts/contracts/pmms/interfaces/ISwapRouter.sol","s":{},"b":{},"f":{},"fnMap":{},"statementMap":{},"branchMap":{}},"contracts/pmms/mocks/MockCurve3Pool.sol":{"l":{"9":0,"13":0,"14":0,"15":0,"16":0,"17":0,"18":0,"19":0},"path":"/Users/kudakwashemafutah/Documents/blockchainContracts/contracts/pmms/mocks/MockCurve3Pool.sol","s":{"1":0,"2":0,"3":0,"4":0,"5":0,"6":0,"7":0,"8":0},"b":{"1":[0,0],"2":[0,0],"3":[0,0]},"f":{"1":0,"2":0},"fnMap":{"1":{"name":"get_dy","line":8,"loc":{"start":{"line":8,"column":4},"end":{"line":10,"column":4}}},"2":{"name":"exchange","line":12,"loc":{"start":{"line":12,"column":4},"end":{"line":20,"column":4}}}},"statementMap":{"1":{"start":{"line":9,"column":8},"end":{"line":9,"column":30}},"2":{"start":{"line":13,"column":8},"end":{"line":13,"column":36}},"3":{"start":{"line":14,"column":8},"end":{"line":14,"column":51}},"4":{"start":{"line":15,"column":8},"end":{"line":15,"column":118}},"5":{"start":{"line":16,"column":8},"end":{"line":16,"column":119}},"6":{"start":{"line":17,"column":8},"end":{"line":17,"column":66}},"7":{"start":{"line":18,"column":8},"end":{"line":18,"column":48}},"8":{"start":{"line":19,"column":8},"end":{"line":19,"column":17}}},"branchMap":{"1":{"line":14,"type":"if","locations":[{"start":{"line":14,"column":8},"end":{"line":14,"column":8}},{"start":{"line":14,"column":8},"end":{"line":14,"column":8}}]},"2":{"line":15,"type":"if","locations":[{"start":{"line":15,"column":35},"end":{"line":15,"column":74}},{"start":{"line":15,"column":78},"end":{"line":15,"column":117}}]},"3":{"line":16,"type":"if","locations":[{"start":{"line":16,"column":36},"end":{"line":16,"column":75}},{"start":{"line":16,"column":79},"end":{"line":16,"column":118}}]}}},"contracts/pmms/mocks/MockFlashloanExecutor.sol":{"l":{"20":0,"21":0,"22":0,"27":0,"28":0,"29":0,"32":0,"33":0,"37":0,"38":0,"60":0,"61":0,"64":0,"70":0},"path":"/Users/kudakwashemafutah/Documents/blockchainContracts/contracts/pmms/mocks/MockFlashloanExecutor.sol","s":{"1":0,"2":0,"3":0,"4":0,"5":0,"6":0,"7":0,"8":0,"9":0,"10":0,"11":0,"12":0},"b":{"1":[0,0],"2":[0,0],"3":[0,0],"4":[0,0],"5":[0,0],"6":[0,0],"7":[0,0]},"f":{"1":0,"2":0,"3":0,"4":0},"fnMap":{"1":{"name":"constructor","line":19,"loc":{"start":{"line":19,"column":4},"end":{"line":23,"column":4}}},"2":{"name":"executeStrategy","line":26,"loc":{"start":{"line":26,"column":4},"end":{"line":56,"column":4}}},"3":{"name":"updateSwapRouter","line":59,"loc":{"start":{"line":59,"column":4},"end":{"line":65,"column":4}}},"4":{"name":"repayLoan","line":68,"loc":{"start":{"line":68,"column":4},"end":{"line":71,"column":4}}}},"statementMap":{"1":{"start":{"line":20,"column":8},"end":{"line":20,"column":86}},"2":{"start":{"line":27,"column":8},"end":{"line":27,"column":61}},"3":{"start":{"line":28,"column":8},"end":{"line":28,"column":52}},"4":{"start":{"line":29,"column":8},"end":{"line":29,"column":59}},"5":{"start":{"line":32,"column":8},"end":{"line":32,"column":61}},"6":{"start":{"line":33,"column":8},"end":{"line":33,"column":65}},"7":{"start":{"line":37,"column":8},"end":{"line":37,"column":41}},"8":{"start":{"line":38,"column":8},"end":{"line":38,"column":58}},"9":{"start":{"line":60,"column":8},"end":{"line":60,"column":49}},"10":{"start":{"line":61,"column":8},"end":{"line":61,"column":57}},"11":{"start":{"line":64,"column":8},"end":{"line":64,"column":75}},"12":{"start":{"line":70,"column":8},"end":{"line":70,"column":72}}},"branchMap":{"1":{"line":20,"type":"if","locations":[{"start":{"line":20,"column":8},"end":{"line":20,"column":8}},{"start":{"line":20,"column":8},"end":{"line":20,"column":8}}]},"2":{"line":27,"type":"if","locations":[{"start":{"line":27,"column":8},"end":{"line":27,"column":8}},{"start":{"line":27,"column":8},"end":{"line":27,"column":8}}]},"3":{"line":28,"type":"if","locations":[{"start":{"line":28,"column":8},"end":{"line":28,"column":8}},{"start":{"line":28,"column":8},"end":{"line":28,"column":8}}]},"4":{"line":29,"type":"if","locations":[{"start":{"line":29,"column":8},"end":{"line":29,"column":8}},{"start":{"line":29,"column":8},"end":{"line":29,"column":8}}]},"5":{"line":33,"type":"if","locations":[{"start":{"line":33,"column":8},"end":{"line":33,"column":8}},{"start":{"line":33,"column":8},"end":{"line":33,"column":8}}]},"6":{"line":60,"type":"if","locations":[{"start":{"line":60,"column":8},"end":{"line":60,"column":8}},{"start":{"line":60,"column":8},"end":{"line":60,"column":8}}]},"7":{"line":61,"type":"if","locations":[{"start":{"line":61,"column":8},"end":{"line":61,"column":8}},{"start":{"line":61,"column":8},"end":{"line":61,"column":8}}]}}},"contracts/pmms/mocks/MockRegistry.sol":{"l":{"10":0,"14":0,"15":0,"19":0,"23":0,"27":0,"31":0},"path":"/Users/kudakwashemafutah/Documents/blockchainContracts/contracts/pmms/mocks/MockRegistry.sol","s":{"1":0,"2":0,"3":0},"b":{"1":[0,0]},"f":{"1":0,"2":0,"3":0,"4":0,"5":0,"6":0},"fnMap":{"1":{"name":"getAddress","line":9,"loc":{"start":{"line":9,"column":4},"end":{"line":11,"column":4}}},"2":{"name":"setAddress","line":13,"loc":{"start":{"line":13,"column":4},"end":{"line":16,"column":4}}},"3":{"name":"getStrategy","line":18,"loc":{"start":{"line":18,"column":4},"end":{"line":20,"column":4}}},"4":{"name":"registerStrategy","line":22,"loc":{"start":{"line":22,"column":4},"end":{"line":24,"column":4}}},"5":{"name":"deregisterStrategy","line":26,"loc":{"start":{"line":26,"column":4},"end":{"line":28,"column":4}}},"6":{"name":"setNftFloorOracle","line":30,"loc":{"start":{"line":30,"column":4},"end":{"line":32,"column":4}}}},"statementMap":{"1":{"start":{"line":10,"column":8},"end":{"line":10,"column":29}},"2":{"start":{"line":14,"column":8},"end":{"line":14,"column":54}},"3":{"start":{"line":19,"column":8},"end":{"line":19,"column":31}}},"branchMap":{"1":{"line":14,"type":"if","locations":[{"start":{"line":14,"column":8},"end":{"line":14,"column":8}},{"start":{"line":14,"column":8},"end":{"line":14,"column":8}}]}}},"contracts/pmms/mocks/MockUniswapV2Router.sol":{"l":{"8":0,"9":0,"10":0,"11":0,"21":0,"22":0,"23":0,"24":0,"25":0,"26":0,"27":0,"28":0},"path":"/Users/kudakwashemafutah/Documents/blockchainContracts/contracts/pmms/mocks/MockUniswapV2Router.sol","s":{"1":0,"2":0,"3":0,"4":0,"5":0,"6":0},"b":{"1":[0,0],"2":[0,0]},"f":{"1":0,"2":0},"fnMap":{"1":{"name":"getAmountsOut","line":7,"loc":{"start":{"line":7,"column":4},"end":{"line":12,"column":4}}},"2":{"name":"swapExactTokensForTokens","line":14,"loc":{"start":{"line":14,"column":4},"end":{"line":29,"column":4}}}},"statementMap":{"1":{"start":{"line":11,"column":8},"end":{"line":11,"column":22}},"2":{"start":{"line":21,"column":8},"end":{"line":21,"column":54}},"3":{"start":{"line":25,"column":8},"end":{"line":25,"column":65}},"4":{"start":{"line":26,"column":8},"end":{"line":26,"column":72}},"5":{"start":{"line":27,"column":8},"end":{"line":27,"column":47}},"6":{"start":{"line":28,"column":8},"end":{"line":28,"column":22}}},"branchMap":{"1":{"line":21,"type":"if","locations":[{"start":{"line":21,"column":8},"end":{"line":21,"column":8}},{"start":{"line":21,"column":8},"end":{"line":21,"column":8}}]},"2":{"line":25,"type":"if","locations":[{"start":{"line":25,"column":8},"end":{"line":25,"column":8}},{"start":{"line":25,"column":8},"end":{"line":25,"column":8}}]}}},"contracts/pmms/mocks/MockUniswapV3Router.sol":{"l":{"24":0,"25":0,"27":0,"28":0,"29":0},"path":"/Users/kudakwashemafutah/Documents/blockchainContracts/contracts/pmms/mocks/MockUniswapV3Router.sol","s":{"1":0,"2":0,"3":0,"4":0},"b":{"1":[0,0],"2":[0,0]},"f":{"1":0},"fnMap":{"1":{"name":"exactInputSingle","line":14,"loc":{"start":{"line":14,"column":4},"end":{"line":30,"column":4}}}},"statementMap":{"1":{"start":{"line":24,"column":8},"end":{"line":24,"column":66}},"2":{"start":{"line":25,"column":8},"end":{"line":25,"column":46}},"3":{"start":{"line":28,"column":8},"end":{"line":28,"column":57}},"4":{"start":{"line":29,"column":8},"end":{"line":29,"column":24}}},"branchMap":{"1":{"line":24,"type":"if","locations":[{"start":{"line":24,"column":8},"end":{"line":24,"column":8}},{"start":{"line":24,"column":8},"end":{"line":24,"column":8}}]},"2":{"line":25,"type":"if","locations":[{"start":{"line":25,"column":8},"end":{"line":25,"column":8}},{"start":{"line":25,"column":8},"end":{"line":25,"column":8}}]}}},"contracts/pmms/mocks/MockUSDC.sol":{"l":{"8":0},"path":"/Users/kudakwashemafutah/Documents/blockchainContracts/contracts/pmms/mocks/MockUSDC.sol","s":{"1":0},"b":{},"f":{"1":0},"fnMap":{"1":{"name":"constructor","line":7,"loc":{"start":{"line":7,"column":4},"end":{"line":9,"column":4}}}},"statementMap":{"1":{"start":{"line":8,"column":8},"end":{"line":8,"column":44}}},"branchMap":{}},"contracts/pmms/mocks/MockUSDT.sol":{"l":{"8":0},"path":"/Users/kudakwashemafutah/Documents/blockchainContracts/contracts/pmms/mocks/MockUSDT.sol","s":{"1":0},"b":{},"f":{"1":0},"fnMap":{"1":{"name":"constructor","line":7,"loc":{"start":{"line":7,"column":4},"end":{"line":9,"column":4}}}},"statementMap":{"1":{"start":{"line":8,"column":8},"end":{"line":8,"column":44}}},"branchMap":{}},"contracts/pmms/ProfitMaximizerModularSystem.sol":{"l":{"16":0,"17":0,"18":0,"22":0,"23":0,"26":0,"28":0,"32":0,"36":0,"40":0,"41":0,"45":0,"49":0},"path":"/Users/kudakwashemafutah/Documents/blockchainContracts/contracts/pmms/ProfitMaximizerModularSystem.sol","s":{"1":0,"2":0,"3":0,"4":0,"5":0,"6":0,"7":0,"8":0,"9":0,"10":0},"b":{"1":[0,0],"2":[0,0],"3":[0,0],"4":[0,0],"5":[0,0],"6":[0,0],"7":[0,0],"8":[0,0],"9":[0,0]},"f":{"1":0,"2":0,"3":0,"4":0,"5":0,"6":0,"7":0},"fnMap":{"1":{"name":"constructor","line":15,"loc":{"start":{"line":15,"column":4},"end":{"line":19,"column":4}}},"2":{"name":"executeStrategy","line":21,"loc":{"start":{"line":21,"column":4},"end":{"line":29,"column":4}}},"3":{"name":"addStrategy","line":31,"loc":{"start":{"line":31,"column":4},"end":{"line":33,"column":4}}},"4":{"name":"removeStrategy","line":35,"loc":{"start":{"line":35,"column":4},"end":{"line":37,"column":4}}},"5":{"name":"updateFlashloanExecutor","line":39,"loc":{"start":{"line":39,"column":4},"end":{"line":42,"column":4}}},"6":{"name":"setRegistryAddress","line":44,"loc":{"start":{"line":44,"column":4},"end":{"line":46,"column":4}}},"7":{"name":"setNftFloorOracle","line":48,"loc":{"start":{"line":48,"column":4},"end":{"line":50,"column":4}}}},"statementMap":{"1":{"start":{"line":16,"column":8},"end":{"line":16,"column":96}},"2":{"start":{"line":22,"column":8},"end":{"line":22,"column":60}},"3":{"start":{"line":23,"column":8},"end":{"line":23,"column":67}},"4":{"start":{"line":26,"column":8},"end":{"line":26,"column":63}},"5":{"start":{"line":28,"column":8},"end":{"line":28,"column":58}},"6":{"start":{"line":32,"column":8},"end":{"line":32,"column":55}},"7":{"start":{"line":36,"column":8},"end":{"line":36,"column":40}},"8":{"start":{"line":40,"column":8},"end":{"line":40,"column":69}},"9":{"start":{"line":45,"column":8},"end":{"line":45,"column":38}},"10":{"start":{"line":49,"column":8},"end":{"line":49,"column":41}}},"branchMap":{"1":{"line":16,"type":"if","locations":[{"start":{"line":16,"column":8},"end":{"line":16,"column":8}},{"start":{"line":16,"column":8},"end":{"line":16,"column":8}}]},"2":{"line":21,"type":"if","locations":[{"start":{"line":21,"column":114},"end":{"line":21,"column":114}},{"start":{"line":21,"column":114},"end":{"line":21,"column":114}}]},"3":{"line":23,"type":"if","locations":[{"start":{"line":23,"column":8},"end":{"line":23,"column":8}},{"start":{"line":23,"column":8},"end":{"line":23,"column":8}}]},"4":{"line":31,"type":"if","locations":[{"start":{"line":31,"column":81},"end":{"line":31,"column":81}},{"start":{"line":31,"column":81},"end":{"line":31,"column":81}}]},"5":{"line":35,"type":"if","locations":[{"start":{"line":35,"column":59},"end":{"line":35,"column":59}},{"start":{"line":35,"column":59},"end":{"line":35,"column":59}}]},"6":{"line":39,"type":"if","locations":[{"start":{"line":39,"column":67},"end":{"line":39,"column":67}},{"start":{"line":39,"column":67},"end":{"line":39,"column":67}}]},"7":{"line":40,"type":"if","locations":[{"start":{"line":40,"column":8},"end":{"line":40,"column":8}},{"start":{"line":40,"column":8},"end":{"line":40,"column":8}}]},"8":{"line":44,"type":"if","locations":[{"start":{"line":44,"column":77},"end":{"line":44,"column":77}},{"start":{"line":44,"column":77},"end":{"line":44,"column":77}}]},"9":{"line":48,"type":"if","locations":[{"start":{"line":48,"column":56},"end":{"line":48,"column":56}},{"start":{"line":48,"column":56},"end":{"line":48,"column":56}}]}}},"contracts/pmms/strategies/StrategyAaveLiquidation.sol":{"l":{"20":0,"24":0,"33":0,"35":0,"36":0,"37":0,"38":0,"39":0,"49":0,"50":0,"51":0,"52":0,"54":0,"55":0,"58":0,"60":0,"62":0,"63":0,"64":0,"66":0,"67":0,"68":0},"path":"/Users/kudakwashemafutah/Documents/blockchainContracts/contracts/pmms/strategies/StrategyAaveLiquidation.sol","s":{"1":0,"2":0,"3":0,"4":0,"5":0,"6":0,"7":0,"8":0,"9":0,"10":0,"11":0,"12":0,"13":0,"14":0,"15":0,"16":0,"17":0},"b":{"1":[0,0],"2":[0,0],"3":[0,0],"4":[0,0]},"f":{"1":0,"2":0,"3":0,"4":0},"fnMap":{"1":{"name":"constructor","line":19,"loc":{"start":{"line":19,"column":4},"end":{"line":21,"column":4}}},"2":{"name":"name","line":23,"loc":{"start":{"line":23,"column":4},"end":{"line":25,"column":4}}},"3":{"name":"checkOpportunity","line":27,"loc":{"start":{"line":27,"column":4},"end":{"line":41,"column":4}}},"4":{"name":"execute","line":46,"loc":{"start":{"line":43,"column":4},"end":{"line":69,"column":4}}}},"statementMap":{"1":{"start":{"line":24,"column":8},"end":{"line":24,"column":33}},"2":{"start":{"line":33,"column":8},"end":{"line":33,"column":74}},"3":{"start":{"line":35,"column":8},"end":{"line":35,"column":67}},"4":{"start":{"line":36,"column":8},"end":{"line":36,"column":41}},"5":{"start":{"line":37,"column":8},"end":{"line":37,"column":1250}},"6":{"start":{"line":49,"column":8},"end":{"line":49,"column":118}},"7":{"start":{"line":50,"column":8},"end":{"line":50,"column":74}},"8":{"start":{"line":51,"column":8},"end":{"line":51,"column":44}},"9":{"start":{"line":52,"column":8},"end":{"line":52,"column":82}},"10":{"start":{"line":54,"column":8},"end":{"line":54,"column":41}},"11":{"start":{"line":55,"column":8},"end":{"line":55,"column":1997}},"12":{"start":{"line":58,"column":12},"end":{"line":58,"column":39}},"13":{"start":{"line":60,"column":8},"end":{"line":60,"column":38}},"14":{"start":{"line":62,"column":8},"end":{"line":62,"column":41}},"15":{"start":{"line":63,"column":8},"end":{"line":63,"column":47}},"16":{"start":{"line":64,"column":8},"end":{"line":64,"column":50}},"17":{"start":{"line":68,"column":8},"end":{"line":68,"column":50}}},"branchMap":{"1":{"line":37,"type":"if","locations":[{"start":{"line":37,"column":8},"end":{"line":37,"column":8}},{"start":{"line":37,"column":8},"end":{"line":37,"column":8}}]},"2":{"line":46,"type":"if","locations":[{"start":{"line":46,"column":8},"end":{"line":46,"column":8}},{"start":{"line":46,"column":8},"end":{"line":46,"column":8}}]},"3":{"line":52,"type":"if","locations":[{"start":{"line":52,"column":8},"end":{"line":52,"column":8}},{"start":{"line":52,"column":8},"end":{"line":52,"column":8}}]},"4":{"line":64,"type":"if","locations":[{"start":{"line":64,"column":8},"end":{"line":64,"column":8}},{"start":{"line":64,"column":8},"end":{"line":64,"column":8}}]}}},"contracts/pmms/strategies/StrategyBase.sol":{"l":{"18":0,"19":0,"23":0,"24":0,"25":0,"29":0,"36":0,"37":0,"46":0,"50":0,"54":0},"path":"/Users/kudakwashemafutah/Documents/blockchainContracts/contracts/pmms/strategies/StrategyBase.sol","s":{"1":0,"2":0,"3":0,"4":0,"5":0,"6":0},"b":{"1":[0,0],"2":[0,0],"3":[0,0],"4":[0,0],"5":[0,0]},"f":{"1":0,"2":0,"3":0,"4":0,"5":0,"6":0,"7":0},"fnMap":{"1":{"name":"onlyExecutor","line":17,"loc":{"start":{"line":17,"column":4},"end":{"line":20,"column":4}}},"2":{"name":"constructor","line":22,"loc":{"start":{"line":22,"column":4},"end":{"line":26,"column":4}}},"3":{"name":"name","line":28,"loc":{"start":{"line":28,"column":4},"end":{"line":30,"column":4}}},"4":{"name":"checkOpportunity","line":32,"loc":{"start":{"line":32,"column":4},"end":{"line":38,"column":4}}},"5":{"name":"execute","line":44,"loc":{"start":{"line":40,"column":4},"end":{"line":47,"column":4}}},"6":{"name":"_approveToken","line":49,"loc":{"start":{"line":49,"column":4},"end":{"line":51,"column":4}}},"7":{"name":"emergencyWithdraw","line":53,"loc":{"start":{"line":53,"column":4},"end":{"line":55,"column":4}}}},"statementMap":{"1":{"start":{"line":18,"column":8},"end":{"line":18,"column":55}},"2":{"start":{"line":23,"column":8},"end":{"line":23,"column":87}},"3":{"start":{"line":29,"column":8},"end":{"line":29,"column":29}},"4":{"start":{"line":46,"column":8},"end":{"line":46,"column":29}},"5":{"start":{"line":50,"column":8},"end":{"line":50,"column":50}},"6":{"start":{"line":54,"column":8},"end":{"line":54,"column":82}}},"branchMap":{"1":{"line":18,"type":"if","locations":[{"start":{"line":18,"column":8},"end":{"line":18,"column":8}},{"start":{"line":18,"column":8},"end":{"line":18,"column":8}}]},"2":{"line":23,"type":"if","locations":[{"start":{"line":23,"column":8},"end":{"line":23,"column":8}},{"start":{"line":23,"column":8},"end":{"line":23,"column":8}}]},"3":{"line":44,"type":"if","locations":[{"start":{"line":44,"column":32},"end":{"line":44,"column":32}},{"start":{"line":44,"column":32},"end":{"line":44,"column":32}}]},"4":{"line":44,"type":"if","locations":[{"start":{"line":44,"column":45},"end":{"line":44,"column":45}},{"start":{"line":44,"column":45},"end":{"line":44,"column":45}}]},"5":{"line":53,"type":"if","locations":[{"start":{"line":53,"column":55},"end":{"line":53,"column":55}},{"start":{"line":53,"column":55},"end":{"line":53,"column":55}}]}}},"contracts/pmms/strategies/StrategyBridgingLatencyArbitrage.sol":{"l":{"58":0,"59":0,"69":0,"70":0,"71":0,"72":0,"76":0,"81":0,"82":0,"83":0,"84":0,"85":0,"90":0,"91":0,"101":0,"102":0,"107":0,"112":0,"114":0,"115":0,"116":0,"119":0,"120":0,"123":0,"124":0,"125":0,"126":0,"127":0,"128":0,"129":0,"141":0,"142":0,"143":0,"146":0,"147":0,"148":0,"149":0,"151":0,"152":0,"154":0,"157":0,"160":0,"164":0,"169":0,"170":0,"171":0,"173":0,"174":0,"175":0,"176":0,"184":0,"186":0,"197":0,"198":0,"199":0,"204":0,"205":0,"206":0,"211":0,"216":0,"217":0,"218":0,"219":0,"220":0,"221":0,"226":0,"236":0,"246":0,"247":0,"249":0,"250":0},"path":"/Users/kudakwashemafutah/Documents/blockchainContracts/contracts/pmms/strategies/StrategyBridgingLatencyArbitrage.sol","s":{"1":0,"2":0,"3":0,"4":0,"5":0,"6":0,"7":0,"8":0,"9":0,"10":0,"11":0,"12":0,"13":0,"14":0,"15":0,"16":0,"17":0,"18":0,"19":0,"20":0,"21":0,"22":0,"23":0,"24":0,"25":0,"26":0,"27":0,"28":0,"29":0,"30":0,"31":0,"32":0,"33":0,"34":0,"35":0,"36":0,"37":0,"38":0,"39":0,"40":0,"41":0,"42":0,"43":0,"44":0,"45":0,"46":0,"47":0,"48":0,"49":0,"50":0,"51":0,"52":0,"53":0,"54":0},"b":{"1":[0,0],"2":[0,0],"3":[0,0],"4":[0,0],"5":[0,0],"6":[0,0],"7":[0,0],"8":[0,0],"9":[0,0],"10":[0,0],"11":[0,0],"12":[0,0],"13":[0,0],"14":[0,0],"15":[0,0],"16":[0,0],"17":[0,0],"18":[0,0],"19":[0,0],"20":[0,0],"21":[0,0],"22":[0,0]},"f":{"1":0,"2":0,"3":0,"4":0,"5":0,"6":0,"7":0,"8":0,"9":0,"10":0,"11":0,"12":0,"13":0},"fnMap":{"1":{"name":"whenNotPaused","line":57,"loc":{"start":{"line":57,"column":4},"end":{"line":60,"column":4}}},"2":{"name":"constructor","line":68,"loc":{"start":{"line":62,"column":4},"end":{"line":73,"column":4}}},"3":{"name":"name","line":75,"loc":{"start":{"line":75,"column":4},"end":{"line":77,"column":4}}},"4":{"name":"addSupportedAsset","line":80,"loc":{"start":{"line":80,"column":4},"end":{"line":86,"column":4}}},"5":{"name":"setPaused","line":89,"loc":{"start":{"line":89,"column":4},"end":{"line":92,"column":4}}},"6":{"name":"checkOpportunity","line":97,"loc":{"start":{"line":94,"column":4},"end":{"line":132,"column":4}}},"7":{"name":"execute","line":138,"loc":{"start":{"line":134,"column":4},"end":{"line":177,"column":4}}},"8":{"name":"_swapOnSkale","line":180,"loc":{"start":{"line":180,"column":4},"end":{"line":200,"column":4}}},"9":{"name":"_bridgeToArbitrum","line":203,"loc":{"start":{"line":203,"column":4},"end":{"line":207,"column":4}}},"10":{"name":"_estimateBridgeFee","line":210,"loc":{"start":{"line":210,"column":4},"end":{"line":212,"column":4}}},"11":{"name":"_estimateArbitrumGasCost","line":215,"loc":{"start":{"line":215,"column":4},"end":{"line":222,"column":4}}},"12":{"name":"_simulateSellSwap","line":225,"loc":{"start":{"line":225,"column":4},"end":{"line":227,"column":4}}},"13":{"name":"_getUniswapV3Price","line":230,"loc":{"start":{"line":230,"column":4},"end":{"line":252,"column":4}}}},"statementMap":{"1":{"start":{"line":58,"column":8},"end":{"line":58,"column":42}},"2":{"start":{"line":76,"column":8},"end":{"line":76,"column":43}},"3":{"start":{"line":81,"column":8},"end":{"line":81,"column":83}},"4":{"start":{"line":82,"column":8},"end":{"line":82,"column":79}},"5":{"start":{"line":84,"column":8},"end":{"line":84,"column":34}},"6":{"start":{"line":85,"column":8},"end":{"line":85,"column":41}},"7":{"start":{"line":91,"column":8},"end":{"line":91,"column":28}},"8":{"start":{"line":101,"column":8},"end":{"line":101,"column":50}},"9":{"start":{"line":102,"column":8},"end":{"line":102,"column":51}},"10":{"start":{"line":102,"column":37},"end":{"line":102,"column":51}},"11":{"start":{"line":107,"column":8},"end":{"line":107,"column":66}},"12":{"start":{"line":112,"column":8},"end":{"line":112,"column":54}},"13":{"start":{"line":114,"column":8},"end":{"line":114,"column":52}},"14":{"start":{"line":115,"column":8},"end":{"line":115,"column":66}},"15":{"start":{"line":116,"column":8},"end":{"line":116,"column":67}},"16":{"start":{"line":119,"column":8},"end":{"line":119,"column":61}},"17":{"start":{"line":120,"column":8},"end":{"line":120,"column":77}},"18":{"start":{"line":123,"column":8},"end":{"line":123,"column":4830}},"19":{"start":{"line":124,"column":12},"end":{"line":124,"column":54}},"20":{"start":{"line":125,"column":12},"end":{"line":125,"column":125}},"21":{"start":{"line":126,"column":12},"end":{"line":126,"column":65}},"22":{"start":{"line":127,"column":12},"end":{"line":127,"column":5124}},"23":{"start":{"line":141,"column":8},"end":{"line":141,"column":61}},"24":{"start":{"line":142,"column":8},"end":{"line":142,"column":62}},"25":{"start":{"line":143,"column":8},"end":{"line":143,"column":61}},"26":{"start":{"line":146,"column":8},"end":{"line":146,"column":73}},"27":{"start":{"line":147,"column":8},"end":{"line":147,"column":44}},"28":{"start":{"line":148,"column":8},"end":{"line":148,"column":41}},"29":{"start":{"line":149,"column":8},"end":{"line":149,"column":85}},"30":{"start":{"line":151,"column":8},"end":{"line":151,"column":23}},"31":{"start":{"line":152,"column":8},"end":{"line":152,"column":6139}},"32":{"start":{"line":157,"column":12},"end":{"line":157,"column":43}},"33":{"start":{"line":160,"column":12},"end":{"line":160,"column":43}},"34":{"start":{"line":169,"column":8},"end":{"line":169,"column":58}},"35":{"start":{"line":170,"column":8},"end":{"line":170,"column":65}},"36":{"start":{"line":171,"column":8},"end":{"line":171,"column":51}},"37":{"start":{"line":173,"column":8},"end":{"line":173,"column":82}},"38":{"start":{"line":176,"column":8},"end":{"line":176,"column":40}},"39":{"start":{"line":184,"column":8},"end":{"line":184,"column":64}},"40":{"start":{"line":186,"column":8},"end":{"line":186,"column":7601}},"41":{"start":{"line":198,"column":8},"end":{"line":198,"column":57}},"42":{"start":{"line":199,"column":8},"end":{"line":199,"column":44}},"43":{"start":{"line":204,"column":8},"end":{"line":204,"column":58}},"44":{"start":{"line":205,"column":8},"end":{"line":205,"column":75}},"45":{"start":{"line":206,"column":8},"end":{"line":206,"column":53}},"46":{"start":{"line":211,"column":8},"end":{"line":211,"column":16}},"47":{"start":{"line":216,"column":8},"end":{"line":216,"column":75}},"48":{"start":{"line":217,"column":8},"end":{"line":217,"column":84}},"49":{"start":{"line":218,"column":8},"end":{"line":218,"column":49}},"50":{"start":{"line":219,"column":8},"end":{"line":219,"column":35}},"51":{"start":{"line":220,"column":8},"end":{"line":220,"column":56}},"52":{"start":{"line":221,"column":8},"end":{"line":221,"column":53}},"53":{"start":{"line":226,"column":8},"end":{"line":226,"column":35}},"54":{"start":{"line":236,"column":8},"end":{"line":236,"column":9914}}},"branchMap":{"1":{"line":58,"type":"if","locations":[{"start":{"line":58,"column":8},"end":{"line":58,"column":8}},{"start":{"line":58,"column":8},"end":{"line":58,"column":8}}]},"2":{"line":80,"type":"if","locations":[{"start":{"line":80,"column":74},"end":{"line":80,"column":74}},{"start":{"line":80,"column":74},"end":{"line":80,"column":74}}]},"3":{"line":81,"type":"if","locations":[{"start":{"line":81,"column":8},"end":{"line":81,"column":8}},{"start":{"line":81,"column":8},"end":{"line":81,"column":8}}]},"4":{"line":82,"type":"if","locations":[{"start":{"line":82,"column":8},"end":{"line":82,"column":8}},{"start":{"line":82,"column":8},"end":{"line":82,"column":8}}]},"5":{"line":89,"type":"if","locations":[{"start":{"line":89,"column":46},"end":{"line":89,"column":46}},{"start":{"line":89,"column":46},"end":{"line":89,"column":46}}]},"6":{"line":97,"type":"if","locations":[{"start":{"line":97,"column":8},"end":{"line":97,"column":8}},{"start":{"line":97,"column":8},"end":{"line":97,"column":8}}]},"7":{"line":102,"type":"if","locations":[{"start":{"line":102,"column":8},"end":{"line":102,"column":8}},{"start":{"line":102,"column":8},"end":{"line":102,"column":8}}]},"8":{"line":115,"type":"if","locations":[{"start":{"line":115,"column":40},"end":{"line":115,"column":49}},{"start":{"line":115,"column":53},"end":{"line":115,"column":65}}]},"9":{"line":116,"type":"if","locations":[{"start":{"line":116,"column":41},"end":{"line":116,"column":53}},{"start":{"line":116,"column":57},"end":{"line":116,"column":66}}]},"10":{"line":120,"type":"if","locations":[{"start":{"line":120,"column":47},"end":{"line":120,"column":72}},{"start":{"line":120,"column":76},"end":{"line":120,"column":76}}]},"11":{"line":123,"type":"if","locations":[{"start":{"line":123,"column":8},"end":{"line":123,"column":8}},{"start":{"line":123,"column":8},"end":{"line":123,"column":8}}]},"12":{"line":125,"type":"if","locations":[{"start":{"line":125,"column":78},"end":{"line":125,"column":120}},{"start":{"line":125,"column":124},"end":{"line":125,"column":124}}]},"13":{"line":127,"type":"if","locations":[{"start":{"line":127,"column":12},"end":{"line":127,"column":12}},{"start":{"line":127,"column":12},"end":{"line":127,"column":12}}]},"14":{"line":137,"type":"if","locations":[{"start":{"line":137,"column":8},"end":{"line":137,"column":8}},{"start":{"line":137,"column":8},"end":{"line":137,"column":8}}]},"15":{"line":138,"type":"if","locations":[{"start":{"line":138,"column":8},"end":{"line":138,"column":8}},{"start":{"line":138,"column":8},"end":{"line":138,"column":8}}]},"16":{"line":146,"type":"if","locations":[{"start":{"line":146,"column":8},"end":{"line":146,"column":8}},{"start":{"line":146,"column":8},"end":{"line":146,"column":8}}]},"17":{"line":147,"type":"if","locations":[{"start":{"line":147,"column":8},"end":{"line":147,"column":8}},{"start":{"line":147,"column":8},"end":{"line":147,"column":8}}]},"18":{"line":149,"type":"if","locations":[{"start":{"line":149,"column":8},"end":{"line":149,"column":8}},{"start":{"line":149,"column":8},"end":{"line":149,"column":8}}]},"19":{"line":152,"type":"if","locations":[{"start":{"line":152,"column":8},"end":{"line":152,"column":8}},{"start":{"line":152,"column":8},"end":{"line":152,"column":8}}]},"20":{"line":170,"type":"if","locations":[{"start":{"line":170,"column":8},"end":{"line":170,"column":8}},{"start":{"line":170,"column":8},"end":{"line":170,"column":8}}]},"21":{"line":199,"type":"if","locations":[{"start":{"line":199,"column":8},"end":{"line":199,"column":8}},{"start":{"line":199,"column":8},"end":{"line":199,"column":8}}]},"22":{"line":218,"type":"if","locations":[{"start":{"line":218,"column":8},"end":{"line":218,"column":8}},{"start":{"line":218,"column":8},"end":{"line":218,"column":8}}]}}},"contracts/pmms/strategies/StrategyCrossDexLendingArbitrage.sol":{"l":{"17":0,"21":0,"31":0,"32":0,"34":0,"35":0,"37":0,"38":0,"39":0,"49":0,"52":0,"53":0,"56":0,"59":0,"62":0,"63":0,"67":0,"68":0,"71":0,"74":0,"75":0,"79":0,"80":0},"path":"/Users/kudakwashemafutah/Documents/blockchainContracts/contracts/pmms/strategies/StrategyCrossDexLendingArbitrage.sol","s":{"1":0,"2":0,"3":0,"4":0,"5":0,"6":0,"7":0,"8":0,"9":0,"10":0,"11":0,"12":0,"13":0,"14":0,"15":0,"16":0,"17":0,"18":0,"19":0,"20":0},"b":{"1":[0,0],"2":[0,0],"3":[0,0],"4":[0,0],"5":[0,0],"6":[0,0]},"f":{"1":0,"2":0,"3":0,"4":0},"fnMap":{"1":{"name":"constructor","line":16,"loc":{"start":{"line":16,"column":4},"end":{"line":18,"column":4}}},"2":{"name":"name","line":20,"loc":{"start":{"line":20,"column":4},"end":{"line":22,"column":4}}},"3":{"name":"checkOpportunity","line":25,"loc":{"start":{"line":25,"column":4},"end":{"line":41,"column":4}}},"4":{"name":"execute","line":46,"loc":{"start":{"line":43,"column":4},"end":{"line":81,"column":0}}}},"statementMap":{"1":{"start":{"line":21,"column":8},"end":{"line":21,"column":44}},"2":{"start":{"line":31,"column":8},"end":{"line":31,"column":78}},"3":{"start":{"line":32,"column":8},"end":{"line":32,"column":72}},"4":{"start":{"line":34,"column":8},"end":{"line":34,"column":98}},"5":{"start":{"line":35,"column":8},"end":{"line":35,"column":77}},"6":{"start":{"line":37,"column":8},"end":{"line":37,"column":1205}},"7":{"start":{"line":49,"column":4},"end":{"line":49,"column":88}},"8":{"start":{"line":52,"column":4},"end":{"line":52,"column":58}},"9":{"start":{"line":53,"column":4},"end":{"line":53,"column":60}},"10":{"start":{"line":56,"column":4},"end":{"line":56,"column":82}},"11":{"start":{"line":59,"column":4},"end":{"line":59,"column":65}},"12":{"start":{"line":62,"column":4},"end":{"line":62,"column":68}},"13":{"start":{"line":63,"column":4},"end":{"line":63,"column":54}},"14":{"start":{"line":67,"column":4},"end":{"line":67,"column":56}},"15":{"start":{"line":68,"column":4},"end":{"line":68,"column":73}},"16":{"start":{"line":71,"column":4},"end":{"line":71,"column":51}},"17":{"start":{"line":74,"column":4},"end":{"line":74,"column":46}},"18":{"start":{"line":75,"column":4},"end":{"line":75,"column":58}},"19":{"start":{"line":79,"column":4},"end":{"line":79,"column":36}},"20":{"start":{"line":80,"column":4},"end":{"line":80,"column":62}}},"branchMap":{"1":{"line":37,"type":"if","locations":[{"start":{"line":37,"column":8},"end":{"line":37,"column":8}},{"start":{"line":37,"column":8},"end":{"line":37,"column":8}}]},"2":{"line":46,"type":"if","locations":[{"start":{"line":46,"column":4},"end":{"line":46,"column":4}},{"start":{"line":46,"column":4},"end":{"line":46,"column":4}}]},"3":{"line":56,"type":"if","locations":[{"start":{"line":56,"column":4},"end":{"line":56,"column":4}},{"start":{"line":56,"column":4},"end":{"line":56,"column":4}}]},"4":{"line":63,"type":"if","locations":[{"start":{"line":63,"column":4},"end":{"line":63,"column":4}},{"start":{"line":63,"column":4},"end":{"line":63,"column":4}}]},"5":{"line":68,"type":"if","locations":[{"start":{"line":68,"column":4},"end":{"line":68,"column":4}},{"start":{"line":68,"column":4},"end":{"line":68,"column":4}}]},"6":{"line":75,"type":"if","locations":[{"start":{"line":75,"column":4},"end":{"line":75,"column":4}},{"start":{"line":75,"column":4},"end":{"line":75,"column":4}}]}}},"contracts/pmms/strategies/StrategyDexArbitrage.sol":{"l":{"18":0,"19":0,"23":0,"38":0,"40":0,"41":0,"43":0,"44":0,"45":0,"47":0,"48":0,"57":0,"58":0,"60":0,"68":0,"76":0,"77":0,"79":0,"83":0,"91":0,"103":0,"104":0,"105":0,"107":0,"108":0,"115":0,"117":0,"125":0,"126":0,"127":0,"128":0,"129":0,"133":0,"134":0},"path":"/Users/kudakwashemafutah/Documents/blockchainContracts/contracts/pmms/strategies/StrategyDexArbitrage.sol","s":{"1":0,"2":0,"3":0,"4":0,"5":0,"6":0,"7":0,"8":0,"9":0,"10":0,"11":0,"12":0,"13":0,"14":0,"15":0,"16":0,"17":0,"18":0,"19":0,"20":0,"21":0,"22":0,"23":0,"24":0,"25":0,"26":0},"b":{"1":[0,0],"2":[0,0],"3":[0,0],"4":[0,0],"5":[0,0],"6":[0,0],"7":[0,0]},"f":{"1":0,"2":0,"3":0,"4":0,"5":0,"6":0,"7":0,"8":0,"9":0},"fnMap":{"1":{"name":"constructor","line":17,"loc":{"start":{"line":17,"column":4},"end":{"line":20,"column":4}}},"2":{"name":"name","line":22,"loc":{"start":{"line":22,"column":4},"end":{"line":24,"column":4}}},"3":{"name":"checkOpportunity","line":32,"loc":{"start":{"line":32,"column":4},"end":{"line":50,"column":4}}},"4":{"name":"execute","line":52,"loc":{"start":{"line":52,"column":4},"end":{"line":80,"column":4}}},"5":{"name":"_getDexAddresses","line":82,"loc":{"start":{"line":82,"column":4},"end":{"line":88,"column":4}}},"6":{"name":"_applySlippage","line":90,"loc":{"start":{"line":90,"column":4},"end":{"line":94,"column":4}}},"7":{"name":"_swapTokens","line":96,"loc":{"start":{"line":96,"column":4},"end":{"line":118,"column":4}}},"8":{"name":"_getPrice","line":120,"loc":{"start":{"line":120,"column":4},"end":{"line":130,"column":4}}},"9":{"name":"withdraw","line":132,"loc":{"start":{"line":132,"column":4},"end":{"line":135,"column":4}}}},"statementMap":{"1":{"start":{"line":18,"column":8},"end":{"line":18,"column":59}},"2":{"start":{"line":23,"column":8},"end":{"line":23,"column":30}},"3":{"start":{"line":38,"column":8},"end":{"line":38,"column":52}},"4":{"start":{"line":40,"column":8},"end":{"line":40,"column":72}},"5":{"start":{"line":41,"column":8},"end":{"line":41,"column":76}},"6":{"start":{"line":43,"column":8},"end":{"line":43,"column":1339}},"7":{"start":{"line":46,"column":15},"end":{"line":46,"column":1516}},"8":{"start":{"line":57,"column":8},"end":{"line":57,"column":113}},"9":{"start":{"line":58,"column":8},"end":{"line":58,"column":52}},"10":{"start":{"line":60,"column":8},"end":{"line":60,"column":2042}},"11":{"start":{"line":68,"column":8},"end":{"line":68,"column":2223}},"12":{"start":{"line":76,"column":8},"end":{"line":76,"column":92}},"13":{"start":{"line":77,"column":8},"end":{"line":77,"column":49}},"14":{"start":{"line":79,"column":8},"end":{"line":79,"column":49}},"15":{"start":{"line":83,"column":8},"end":{"line":83,"column":2674}},"16":{"start":{"line":91,"column":8},"end":{"line":91,"column":3091}},"17":{"start":{"line":103,"column":8},"end":{"line":103,"column":48}},"18":{"start":{"line":107,"column":8},"end":{"line":107,"column":48}},"19":{"start":{"line":108,"column":8},"end":{"line":108,"column":3576}},"20":{"start":{"line":115,"column":8},"end":{"line":115,"column":41}},"21":{"start":{"line":117,"column":8},"end":{"line":117,"column":25}},"22":{"start":{"line":125,"column":8},"end":{"line":125,"column":48}},"23":{"start":{"line":128,"column":8},"end":{"line":128,"column":88}},"24":{"start":{"line":129,"column":8},"end":{"line":129,"column":25}},"25":{"start":{"line":133,"column":8},"end":{"line":133,"column":68}},"26":{"start":{"line":134,"column":8},"end":{"line":134,"column":53}}},"branchMap":{"1":{"line":18,"type":"if","locations":[{"start":{"line":18,"column":8},"end":{"line":18,"column":8}},{"start":{"line":18,"column":8},"end":{"line":18,"column":8}}]},"2":{"line":43,"type":"if","locations":[{"start":{"line":43,"column":8},"end":{"line":43,"column":8}},{"start":{"line":43,"column":8},"end":{"line":43,"column":8}}]},"3":{"line":46,"type":"if","locations":[{"start":{"line":46,"column":15},"end":{"line":46,"column":15}},{"start":{"line":46,"column":15},"end":{"line":46,"column":15}}]},"4":{"line":76,"type":"if","locations":[{"start":{"line":76,"column":58},"end":{"line":76,"column":87}},{"start":{"line":76,"column":91},"end":{"line":76,"column":91}}]},"5":{"line":77,"type":"if","locations":[{"start":{"line":77,"column":8},"end":{"line":77,"column":8}},{"start":{"line":77,"column":8},"end":{"line":77,"column":8}}]},"6":{"line":92,"type":"if","locations":[{"start":{"line":92,"column":14},"end":{"line":92,"column":90}},{"start":{"line":93,"column":14},"end":{"line":93,"column":90}}]},"7":{"line":133,"type":"if","locations":[{"start":{"line":133,"column":8},"end":{"line":133,"column":8}},{"start":{"line":133,"column":8},"end":{"line":133,"column":8}}]}}},"contracts/pmms/strategies/StrategyFlashloanGasArbitrage.sol":{"l":{"30":0,"34":0,"53":0,"54":0,"56":0,"57":0,"58":0,"60":0,"61":0,"63":0,"64":0,"65":0,"75":0,"76":0,"78":0,"79":0,"81":0,"82":0,"85":0,"86":0,"87":0,"89":0,"90":0,"94":0,"101":0,"102":0,"106":0,"118":0,"120":0,"125":0,"126":0,"127":0,"131":0,"132":0,"133":0,"137":0,"138":0,"150":0,"151":0,"155":0,"156":0,"157":0},"path":"/Users/kudakwashemafutah/Documents/blockchainContracts/contracts/pmms/strategies/StrategyFlashloanGasArbitrage.sol","s":{"1":0,"2":0,"3":0,"4":0,"5":0,"6":0,"7":0,"8":0,"9":0,"10":0,"11":0,"12":0,"13":0,"14":0,"15":0,"16":0,"17":0,"18":0,"19":0,"20":0,"21":0,"22":0,"23":0,"24":0,"25":0,"26":0,"27":0,"28":0,"29":0,"30":0,"31":0,"32":0,"33":0,"34":0,"35":0,"36":0,"37":0,"38":0,"39":0},"b":{"1":[0,0],"2":[0,0],"3":[0,0],"4":[0,0],"5":[0,0],"6":[0,0],"7":[0,0],"8":[0,0],"9":[0,0],"10":[0,0]},"f":{"1":0,"2":0,"3":0,"4":0,"5":0,"6":0,"7":0,"8":0,"9":0,"10":0,"11":0},"fnMap":{"1":{"name":"constructor","line":29,"loc":{"start":{"line":29,"column":4},"end":{"line":31,"column":4}}},"2":{"name":"name","line":33,"loc":{"start":{"line":33,"column":4},"end":{"line":35,"column":4}}},"3":{"name":"checkOpportunity","line":48,"loc":{"start":{"line":48,"column":4},"end":{"line":67,"column":4}}},"4":{"name":"execute","line":72,"loc":{"start":{"line":69,"column":4},"end":{"line":91,"column":4}}},"5":{"name":"_getAddresses","line":93,"loc":{"start":{"line":93,"column":4},"end":{"line":98,"column":4}}},"6":{"name":"_estimateL1Fee","line":100,"loc":{"start":{"line":100,"column":4},"end":{"line":103,"column":4}}},"7":{"name":"_simulateSwap","line":105,"loc":{"start":{"line":105,"column":4},"end":{"line":122,"column":4}}},"8":{"name":"_convertRefund","line":124,"loc":{"start":{"line":124,"column":4},"end":{"line":128,"column":4}}},"9":{"name":"_validateAddresses","line":130,"loc":{"start":{"line":130,"column":4},"end":{"line":134,"column":4}}},"10":{"name":"_executeSwap","line":136,"loc":{"start":{"line":136,"column":4},"end":{"line":152,"column":4}}},"11":{"name":"_calculateProfit","line":154,"loc":{"start":{"line":154,"column":4},"end":{"line":158,"column":4}}}},"statementMap":{"1":{"start":{"line":34,"column":8},"end":{"line":34,"column":40}},"2":{"start":{"line":53,"column":8},"end":{"line":53,"column":61}},"3":{"start":{"line":54,"column":8},"end":{"line":54,"column":41}},"4":{"start":{"line":54,"column":27},"end":{"line":54,"column":41}},"5":{"start":{"line":56,"column":8},"end":{"line":56,"column":63}},"6":{"start":{"line":57,"column":8},"end":{"line":57,"column":40}},"7":{"start":{"line":58,"column":8},"end":{"line":58,"column":34}},"8":{"start":{"line":60,"column":8},"end":{"line":60,"column":74}},"9":{"start":{"line":61,"column":8},"end":{"line":61,"column":53}},"10":{"start":{"line":63,"column":8},"end":{"line":63,"column":2033}},"11":{"start":{"line":75,"column":8},"end":{"line":75,"column":118}},"12":{"start":{"line":76,"column":8},"end":{"line":76,"column":61}},"13":{"start":{"line":78,"column":8},"end":{"line":78,"column":52}},"14":{"start":{"line":79,"column":8},"end":{"line":79,"column":84}},"15":{"start":{"line":81,"column":8},"end":{"line":81,"column":2758}},"16":{"start":{"line":82,"column":12},"end":{"line":82,"column":47}},"17":{"start":{"line":85,"column":8},"end":{"line":85,"column":73}},"18":{"start":{"line":86,"column":8},"end":{"line":86,"column":53}},"19":{"start":{"line":89,"column":8},"end":{"line":89,"column":64}},"20":{"start":{"line":90,"column":8},"end":{"line":90,"column":72}},"21":{"start":{"line":94,"column":8},"end":{"line":94,"column":3325}},"22":{"start":{"line":101,"column":8},"end":{"line":101,"column":75}},"23":{"start":{"line":102,"column":8},"end":{"line":102,"column":66}},"24":{"start":{"line":106,"column":8},"end":{"line":106,"column":3807}},"25":{"start":{"line":118,"column":12},"end":{"line":118,"column":28}},"26":{"start":{"line":120,"column":12},"end":{"line":120,"column":20}},"27":{"start":{"line":125,"column":8},"end":{"line":125,"column":74}},"28":{"start":{"line":126,"column":8},"end":{"line":126,"column":86}},"29":{"start":{"line":127,"column":8},"end":{"line":127,"column":68}},"30":{"start":{"line":131,"column":8},"end":{"line":131,"column":78}},"31":{"start":{"line":132,"column":8},"end":{"line":132,"column":88}},"32":{"start":{"line":133,"column":8},"end":{"line":133,"column":50}},"33":{"start":{"line":137,"column":8},"end":{"line":137,"column":46}},"34":{"start":{"line":138,"column":8},"end":{"line":138,"column":5158}},"35":{"start":{"line":150,"column":8},"end":{"line":150,"column":41}},"36":{"start":{"line":151,"column":8},"end":{"line":151,"column":24}},"37":{"start":{"line":155,"column":8},"end":{"line":155,"column":45}},"38":{"start":{"line":156,"column":8},"end":{"line":156,"column":68}},"39":{"start":{"line":157,"column":8},"end":{"line":157,"column":44}}},"branchMap":{"1":{"line":54,"type":"if","locations":[{"start":{"line":54,"column":8},"end":{"line":54,"column":8}},{"start":{"line":54,"column":8},"end":{"line":54,"column":8}}]},"2":{"line":63,"type":"if","locations":[{"start":{"line":63,"column":8},"end":{"line":63,"column":8}},{"start":{"line":63,"column":8},"end":{"line":63,"column":8}}]},"3":{"line":72,"type":"if","locations":[{"start":{"line":72,"column":8},"end":{"line":72,"column":8}},{"start":{"line":72,"column":8},"end":{"line":72,"column":8}}]},"4":{"line":79,"type":"if","locations":[{"start":{"line":79,"column":8},"end":{"line":79,"column":8}},{"start":{"line":79,"column":8},"end":{"line":79,"column":8}}]},"5":{"line":81,"type":"if","locations":[{"start":{"line":81,"column":8},"end":{"line":81,"column":8}},{"start":{"line":81,"column":8},"end":{"line":81,"column":8}}]},"6":{"line":127,"type":"if","locations":[{"start":{"line":127,"column":30},"end":{"line":127,"column":63}},{"start":{"line":127,"column":67},"end":{"line":127,"column":67}}]},"7":{"line":131,"type":"if","locations":[{"start":{"line":131,"column":8},"end":{"line":131,"column":8}},{"start":{"line":131,"column":8},"end":{"line":131,"column":8}}]},"8":{"line":132,"type":"if","locations":[{"start":{"line":132,"column":8},"end":{"line":132,"column":8}},{"start":{"line":132,"column":8},"end":{"line":132,"column":8}}]},"9":{"line":133,"type":"if","locations":[{"start":{"line":133,"column":8},"end":{"line":133,"column":8}},{"start":{"line":133,"column":8},"end":{"line":133,"column":8}}]},"10":{"line":156,"type":"if","locations":[{"start":{"line":156,"column":8},"end":{"line":156,"column":8}},{"start":{"line":156,"column":8},"end":{"line":156,"column":8}}]}}},"contracts/pmms/strategies/StrategyFlashMintArbitrage.sol":{"l":{"45":0,"46":0,"54":0,"55":0,"59":0,"64":0,"65":0,"66":0,"67":0,"68":0,"69":0,"74":0,"75":0,"86":0,"87":0,"89":0,"90":0,"93":0,"94":0,"97":0,"98":0,"101":0,"102":0,"103":0,"104":0,"105":0,"106":0,"107":0,"119":0,"120":0,"121":0,"124":0,"125":0,"128":0,"129":0,"130":0,"132":0,"133":0,"134":0,"135":0,"140":0,"141":0,"142":0,"145":0,"146":0,"149":0,"152":0,"155":0,"156":0,"166":0,"168":0,"179":0,"180":0,"181":0,"190":0,"202":0,"203":0,"205":0,"206":0,"212":0,"213":0,"214":0,"215":0,"216":0,"217":0,"222":0},"path":"/Users/kudakwashemafutah/Documents/blockchainContracts/contracts/pmms/strategies/StrategyFlashMintArbitrage.sol","s":{"1":0,"2":0,"3":0,"4":0,"5":0,"6":0,"7":0,"8":0,"9":0,"10":0,"11":0,"12":0,"13":0,"14":0,"15":0,"16":0,"17":0,"18":0,"19":0,"20":0,"21":0,"22":0,"23":0,"24":0,"25":0,"26":0,"27":0,"28":0,"29":0,"30":0,"31":0,"32":0,"33":0,"34":0,"35":0,"36":0,"37":0,"38":0,"39":0,"40":0,"41":0,"42":0,"43":0,"44":0,"45":0,"46":0,"47":0,"48":0,"49":0,"50":0,"51":0,"52":0,"53":0,"54":0},"b":{"1":[0,0],"2":[0,0],"3":[0,0],"4":[0,0],"5":[0,0],"6":[0,0],"7":[0,0],"8":[0,0],"9":[0,0],"10":[0,0],"11":[0,0],"12":[0,0],"13":[0,0],"14":[0,0],"15":[0,0],"16":[0,0],"17":[0,0],"18":[0,0],"19":[0,0],"20":[0,0],"21":[0,0],"22":[0,0],"23":[0,0],"24":[0,0]},"f":{"1":0,"2":0,"3":0,"4":0,"5":0,"6":0,"7":0,"8":0,"9":0,"10":0,"11":0,"12":0},"fnMap":{"1":{"name":"whenNotPaused","line":44,"loc":{"start":{"line":44,"column":4},"end":{"line":47,"column":4}}},"2":{"name":"constructor","line":53,"loc":{"start":{"line":49,"column":4},"end":{"line":56,"column":4}}},"3":{"name":"name","line":58,"loc":{"start":{"line":58,"column":4},"end":{"line":60,"column":4}}},"4":{"name":"addSupportedToken","line":63,"loc":{"start":{"line":63,"column":4},"end":{"line":70,"column":4}}},"5":{"name":"setPaused","line":73,"loc":{"start":{"line":73,"column":4},"end":{"line":76,"column":4}}},"6":{"name":"checkOpportunity","line":82,"loc":{"start":{"line":78,"column":4},"end":{"line":110,"column":4}}},"7":{"name":"execute","line":116,"loc":{"start":{"line":112,"column":4},"end":{"line":136,"column":4}}},"8":{"name":"onFlashMintCallback","line":139,"loc":{"start":{"line":139,"column":4},"end":{"line":159,"column":4}}},"9":{"name":"_swapOnSkale","line":162,"loc":{"start":{"line":162,"column":4},"end":{"line":182,"column":4}}},"10":{"name":"_getUniswapV3Price","line":185,"loc":{"start":{"line":185,"column":4},"end":{"line":208,"column":4}}},"11":{"name":"_estimateGasCost","line":211,"loc":{"start":{"line":211,"column":4},"end":{"line":218,"column":4}}},"12":{"name":"emergencyWithdraw","line":221,"loc":{"start":{"line":221,"column":4},"end":{"line":223,"column":4}}}},"statementMap":{"1":{"start":{"line":45,"column":8},"end":{"line":45,"column":42}},"2":{"start":{"line":59,"column":8},"end":{"line":59,"column":37}},"3":{"start":{"line":64,"column":8},"end":{"line":64,"column":109}},"4":{"start":{"line":65,"column":8},"end":{"line":65,"column":82}},"5":{"start":{"line":68,"column":8},"end":{"line":68,"column":34}},"6":{"start":{"line":69,"column":8},"end":{"line":69,"column":51}},"7":{"start":{"line":75,"column":8},"end":{"line":75,"column":28}},"8":{"start":{"line":86,"column":8},"end":{"line":86,"column":52}},"9":{"start":{"line":87,"column":8},"end":{"line":87,"column":50}},"10":{"start":{"line":87,"column":36},"end":{"line":87,"column":50}},"11":{"start":{"line":89,"column":8},"end":{"line":89,"column":74}},"12":{"start":{"line":90,"column":8},"end":{"line":90,"column":61}},"13":{"start":{"line":93,"column":8},"end":{"line":93,"column":92}},"14":{"start":{"line":94,"column":8},"end":{"line":94,"column":34}},"15":{"start":{"line":94,"column":20},"end":{"line":94,"column":34}},"16":{"start":{"line":97,"column":8},"end":{"line":97,"column":101}},"17":{"start":{"line":98,"column":8},"end":{"line":98,"column":41}},"18":{"start":{"line":98,"column":27},"end":{"line":98,"column":41}},"19":{"start":{"line":101,"column":8},"end":{"line":101,"column":3814}},"20":{"start":{"line":102,"column":12},"end":{"line":102,"column":51}},"21":{"start":{"line":103,"column":12},"end":{"line":103,"column":48}},"22":{"start":{"line":105,"column":12},"end":{"line":105,"column":60}},"23":{"start":{"line":106,"column":12},"end":{"line":106,"column":4092}},"24":{"start":{"line":119,"column":8},"end":{"line":119,"column":112}},"25":{"start":{"line":120,"column":8},"end":{"line":120,"column":73}},"26":{"start":{"line":121,"column":8},"end":{"line":121,"column":68}},"27":{"start":{"line":124,"column":8},"end":{"line":124,"column":73}},"28":{"start":{"line":125,"column":8},"end":{"line":125,"column":64}},"29":{"start":{"line":128,"column":8},"end":{"line":128,"column":69}},"30":{"start":{"line":129,"column":8},"end":{"line":129,"column":71}},"31":{"start":{"line":130,"column":8},"end":{"line":130,"column":56}},"32":{"start":{"line":132,"column":8},"end":{"line":132,"column":76}},"33":{"start":{"line":135,"column":8},"end":{"line":135,"column":40}},"34":{"start":{"line":140,"column":8},"end":{"line":140,"column":127}},"35":{"start":{"line":141,"column":8},"end":{"line":141,"column":52}},"36":{"start":{"line":142,"column":8},"end":{"line":142,"column":61}},"37":{"start":{"line":145,"column":8},"end":{"line":145,"column":44}},"38":{"start":{"line":146,"column":8},"end":{"line":146,"column":101}},"39":{"start":{"line":149,"column":8},"end":{"line":149,"column":59}},"40":{"start":{"line":152,"column":8},"end":{"line":152,"column":61}},"41":{"start":{"line":155,"column":8},"end":{"line":155,"column":76}},"42":{"start":{"line":156,"column":8},"end":{"line":156,"column":51}},"43":{"start":{"line":166,"column":8},"end":{"line":166,"column":64}},"44":{"start":{"line":168,"column":8},"end":{"line":168,"column":6586}},"45":{"start":{"line":180,"column":8},"end":{"line":180,"column":57}},"46":{"start":{"line":181,"column":8},"end":{"line":181,"column":44}},"47":{"start":{"line":190,"column":8},"end":{"line":190,"column":7450}},"48":{"start":{"line":212,"column":8},"end":{"line":212,"column":75}},"49":{"start":{"line":213,"column":8},"end":{"line":213,"column":84}},"50":{"start":{"line":214,"column":8},"end":{"line":214,"column":49}},"51":{"start":{"line":215,"column":8},"end":{"line":215,"column":28}},"52":{"start":{"line":216,"column":8},"end":{"line":216,"column":56}},"53":{"start":{"line":217,"column":8},"end":{"line":217,"column":53}},"54":{"start":{"line":222,"column":8},"end":{"line":222,"column":50}}},"branchMap":{"1":{"line":45,"type":"if","locations":[{"start":{"line":45,"column":8},"end":{"line":45,"column":8}},{"start":{"line":45,"column":8},"end":{"line":45,"column":8}}]},"2":{"line":63,"type":"if","locations":[{"start":{"line":63,"column":92},"end":{"line":63,"column":92}},{"start":{"line":63,"column":92},"end":{"line":63,"column":92}}]},"3":{"line":64,"type":"if","locations":[{"start":{"line":64,"column":8},"end":{"line":64,"column":8}},{"start":{"line":64,"column":8},"end":{"line":64,"column":8}}]},"4":{"line":65,"type":"if","locations":[{"start":{"line":65,"column":8},"end":{"line":65,"column":8}},{"start":{"line":65,"column":8},"end":{"line":65,"column":8}}]},"5":{"line":73,"type":"if","locations":[{"start":{"line":73,"column":46},"end":{"line":73,"column":46}},{"start":{"line":73,"column":46},"end":{"line":73,"column":46}}]},"6":{"line":82,"type":"if","locations":[{"start":{"line":82,"column":8},"end":{"line":82,"column":8}},{"start":{"line":82,"column":8},"end":{"line":82,"column":8}}]},"7":{"line":87,"type":"if","locations":[{"start":{"line":87,"column":8},"end":{"line":87,"column":8}},{"start":{"line":87,"column":8},"end":{"line":87,"column":8}}]},"8":{"line":94,"type":"if","locations":[{"start":{"line":94,"column":8},"end":{"line":94,"column":8}},{"start":{"line":94,"column":8},"end":{"line":94,"column":8}}]},"9":{"line":98,"type":"if","locations":[{"start":{"line":98,"column":8},"end":{"line":98,"column":8}},{"start":{"line":98,"column":8},"end":{"line":98,"column":8}}]},"10":{"line":101,"type":"if","locations":[{"start":{"line":101,"column":8},"end":{"line":101,"column":8}},{"start":{"line":101,"column":8},"end":{"line":101,"column":8}}]},"11":{"line":104,"type":"if","locations":[{"start":{"line":104,"column":45},"end":{"line":104,"column":65}},{"start":{"line":104,"column":69},"end":{"line":104,"column":69}}]},"12":{"line":106,"type":"if","locations":[{"start":{"line":106,"column":12},"end":{"line":106,"column":12}},{"start":{"line":106,"column":12},"end":{"line":106,"column":12}}]},"13":{"line":115,"type":"if","locations":[{"start":{"line":115,"column":8},"end":{"line":115,"column":8}},{"start":{"line":115,"column":8},"end":{"line":115,"column":8}}]},"14":{"line":116,"type":"if","locations":[{"start":{"line":116,"column":8},"end":{"line":116,"column":8}},{"start":{"line":116,"column":8},"end":{"line":116,"column":8}}]},"15":{"line":120,"type":"if","locations":[{"start":{"line":120,"column":8},"end":{"line":120,"column":8}},{"start":{"line":120,"column":8},"end":{"line":120,"column":8}}]},"16":{"line":121,"type":"if","locations":[{"start":{"line":121,"column":8},"end":{"line":121,"column":8}},{"start":{"line":121,"column":8},"end":{"line":121,"column":8}}]},"17":{"line":129,"type":"if","locations":[{"start":{"line":129,"column":8},"end":{"line":129,"column":8}},{"start":{"line":129,"column":8},"end":{"line":129,"column":8}}]},"18":{"line":139,"type":"if","locations":[{"start":{"line":139,"column":63},"end":{"line":139,"column":63}},{"start":{"line":139,"column":63},"end":{"line":139,"column":63}}]},"19":{"line":142,"type":"if","locations":[{"start":{"line":142,"column":8},"end":{"line":142,"column":8}},{"start":{"line":142,"column":8},"end":{"line":142,"column":8}}]},"20":{"line":146,"type":"if","locations":[{"start":{"line":146,"column":8},"end":{"line":146,"column":8}},{"start":{"line":146,"column":8},"end":{"line":146,"column":8}}]},"21":{"line":155,"type":"if","locations":[{"start":{"line":155,"column":8},"end":{"line":155,"column":8}},{"start":{"line":155,"column":8},"end":{"line":155,"column":8}}]},"22":{"line":181,"type":"if","locations":[{"start":{"line":181,"column":8},"end":{"line":181,"column":8}},{"start":{"line":181,"column":8},"end":{"line":181,"column":8}}]},"23":{"line":214,"type":"if","locations":[{"start":{"line":214,"column":8},"end":{"line":214,"column":8}},{"start":{"line":214,"column":8},"end":{"line":214,"column":8}}]},"24":{"line":221,"type":"if","locations":[{"start":{"line":221,"column":71},"end":{"line":221,"column":71}},{"start":{"line":221,"column":71},"end":{"line":221,"column":71}}]}}},"contracts/pmms/strategies/StrategyGasRefundArbitrage.sol":{"l":{"21":0,"25":0,"40":0,"41":0,"43":0,"44":0,"45":0,"47":0,"48":0,"49":0,"59":0,"60":0,"62":0,"63":0,"64":0,"66":0,"67":0,"71":0,"72":0,"73":0,"75":0,"76":0,"78":0,"84":0,"85":0,"86":0,"90":0,"91":0,"96":0,"97":0,"101":0,"102":0,"103":0,"105":0,"106":0,"112":0,"114":0,"118":0,"119":0,"120":0},"path":"/Users/kudakwashemafutah/Documents/blockchainContracts/contracts/pmms/strategies/StrategyGasRefundArbitrage.sol","s":{"1":0,"2":0,"3":0,"4":0,"5":0,"6":0,"7":0,"8":0,"9":0,"10":0,"11":0,"12":0,"13":0,"14":0,"15":0,"16":0,"17":0,"18":0,"19":0,"20":0,"21":0,"22":0,"23":0,"24":0,"25":0,"26":0,"27":0,"28":0,"29":0,"30":0,"31":0,"32":0,"33":0,"34":0,"35":0,"36":0},"b":{"1":[0,0],"2":[0,0],"3":[0,0],"4":[0,0],"5":[0,0],"6":[0,0],"7":[0,0],"8":[0,0],"9":[0,0],"10":[0,0]},"f":{"1":0,"2":0,"3":0,"4":0,"5":0,"6":0,"7":0,"8":0,"9":0},"fnMap":{"1":{"name":"constructor","line":20,"loc":{"start":{"line":20,"column":4},"end":{"line":22,"column":4}}},"2":{"name":"name","line":24,"loc":{"start":{"line":24,"column":4},"end":{"line":26,"column":4}}},"3":{"name":"checkOpportunity","line":34,"loc":{"start":{"line":34,"column":4},"end":{"line":51,"column":4}}},"4":{"name":"execute","line":56,"loc":{"start":{"line":53,"column":4},"end":{"line":68,"column":4}}},"5":{"name":"_getBestSwapRoute","line":70,"loc":{"start":{"line":70,"column":4},"end":{"line":81,"column":4}}},"6":{"name":"_calculateRefundValue","line":83,"loc":{"start":{"line":83,"column":4},"end":{"line":87,"column":4}}},"7":{"name":"_validateExecution","line":89,"loc":{"start":{"line":89,"column":4},"end":{"line":98,"column":4}}},"8":{"name":"_executeSwap","line":100,"loc":{"start":{"line":100,"column":4},"end":{"line":115,"column":4}}},"9":{"name":"_calculateProfit","line":117,"loc":{"start":{"line":117,"column":4},"end":{"line":121,"column":4}}}},"statementMap":{"1":{"start":{"line":25,"column":8},"end":{"line":25,"column":37}},"2":{"start":{"line":40,"column":8},"end":{"line":40,"column":61}},"3":{"start":{"line":41,"column":8},"end":{"line":41,"column":41}},"4":{"start":{"line":41,"column":27},"end":{"line":41,"column":41}},"5":{"start":{"line":43,"column":8},"end":{"line":43,"column":89}},"6":{"start":{"line":44,"column":8},"end":{"line":44,"column":120}},"7":{"start":{"line":45,"column":8},"end":{"line":45,"column":72}},"8":{"start":{"line":47,"column":8},"end":{"line":47,"column":1579}},"9":{"start":{"line":59,"column":8},"end":{"line":59,"column":84}},"10":{"start":{"line":60,"column":8},"end":{"line":60,"column":61}},"11":{"start":{"line":62,"column":8},"end":{"line":62,"column":67}},"12":{"start":{"line":63,"column":8},"end":{"line":63,"column":80}},"13":{"start":{"line":64,"column":8},"end":{"line":64,"column":82}},"14":{"start":{"line":66,"column":8},"end":{"line":66,"column":64}},"15":{"start":{"line":67,"column":8},"end":{"line":67,"column":73}},"16":{"start":{"line":71,"column":8},"end":{"line":71,"column":61}},"17":{"start":{"line":72,"column":8},"end":{"line":72,"column":70}},"18":{"start":{"line":73,"column":8},"end":{"line":73,"column":71}},"19":{"start":{"line":75,"column":8},"end":{"line":75,"column":75}},"20":{"start":{"line":76,"column":8},"end":{"line":76,"column":79}},"21":{"start":{"line":78,"column":8},"end":{"line":78,"column":3020}},"22":{"start":{"line":84,"column":8},"end":{"line":84,"column":53}},"23":{"start":{"line":85,"column":8},"end":{"line":85,"column":36}},"24":{"start":{"line":86,"column":8},"end":{"line":86,"column":53}},"25":{"start":{"line":90,"column":8},"end":{"line":90,"column":78}},"26":{"start":{"line":91,"column":8},"end":{"line":91,"column":3558}},"27":{"start":{"line":96,"column":8},"end":{"line":96,"column":50}},"28":{"start":{"line":97,"column":8},"end":{"line":97,"column":84}},"29":{"start":{"line":101,"column":8},"end":{"line":101,"column":48}},"30":{"start":{"line":105,"column":8},"end":{"line":105,"column":46}},"31":{"start":{"line":106,"column":8},"end":{"line":106,"column":4185}},"32":{"start":{"line":112,"column":8},"end":{"line":112,"column":41}},"33":{"start":{"line":114,"column":8},"end":{"line":114,"column":24}},"34":{"start":{"line":118,"column":8},"end":{"line":118,"column":45}},"35":{"start":{"line":119,"column":8},"end":{"line":119,"column":68}},"36":{"start":{"line":120,"column":8},"end":{"line":120,"column":44}}},"branchMap":{"1":{"line":41,"type":"if","locations":[{"start":{"line":41,"column":8},"end":{"line":41,"column":8}},{"start":{"line":41,"column":8},"end":{"line":41,"column":8}}]},"2":{"line":47,"type":"if","locations":[{"start":{"line":47,"column":8},"end":{"line":47,"column":8}},{"start":{"line":47,"column":8},"end":{"line":47,"column":8}}]},"3":{"line":56,"type":"if","locations":[{"start":{"line":56,"column":8},"end":{"line":56,"column":8}},{"start":{"line":56,"column":8},"end":{"line":56,"column":8}}]},"4":{"line":79,"type":"if","locations":[{"start":{"line":79,"column":14},"end":{"line":79,"column":36}},{"start":{"line":80,"column":14},"end":{"line":80,"column":40}}]},"5":{"line":90,"type":"if","locations":[{"start":{"line":90,"column":8},"end":{"line":90,"column":8}},{"start":{"line":90,"column":8},"end":{"line":90,"column":8}}]},"6":{"line":91,"type":"if","locations":[{"start":{"line":91,"column":8},"end":{"line":91,"column":8}},{"start":{"line":91,"column":8},"end":{"line":91,"column":8}}]},"7":{"line":92,"type":"cond-expr","locations":[{"start":{"line":92,"column":12},"end":{"line":92,"column":65}},{"start":{"line":93,"column":12},"end":{"line":93,"column":64}}]},"8":{"line":96,"type":"if","locations":[{"start":{"line":96,"column":8},"end":{"line":96,"column":8}},{"start":{"line":96,"column":8},"end":{"line":96,"column":8}}]},"9":{"line":97,"type":"if","locations":[{"start":{"line":97,"column":8},"end":{"line":97,"column":8}},{"start":{"line":97,"column":8},"end":{"line":97,"column":8}}]},"10":{"line":119,"type":"if","locations":[{"start":{"line":119,"column":8},"end":{"line":119,"column":8}},{"start":{"line":119,"column":8},"end":{"line":119,"column":8}}]}}},"contracts/pmms/strategies/StrategyGovernanceArbitrage.sol":{"l":{"15":0,"19":0,"28":0,"29":0,"31":0,"32":0,"33":0,"34":0,"36":0,"37":0,"38":0,"39":0,"41":0,"42":0,"43":0,"53":0,"55":0,"57":0,"58":0,"61":0,"62":0,"63":0,"64":0,"65":0,"67":0,"74":0,"77":0,"78":0,"79":0,"80":0,"81":0,"82":0,"89":0,"91":0,"92":0,"96":0,"97":0},"path":"/Users/kudakwashemafutah/Documents/blockchainContracts/contracts/pmms/strategies/StrategyGovernanceArbitrage.sol","s":{"1":0,"2":0,"3":0,"4":0,"5":0,"6":0,"7":0,"8":0,"9":0,"10":0,"11":0,"12":0,"13":0,"14":0,"15":0,"16":0,"17":0,"18":0,"19":0,"20":0,"21":0,"22":0,"23":0,"24":0,"25":0},"b":{"1":[0,0],"2":[0,0],"3":[0,0],"4":[0,0]},"f":{"1":0,"2":0,"3":0,"4":0},"fnMap":{"1":{"name":"constructor","line":14,"loc":{"start":{"line":14,"column":4},"end":{"line":16,"column":4}}},"2":{"name":"name","line":18,"loc":{"start":{"line":18,"column":4},"end":{"line":20,"column":4}}},"3":{"name":"checkOpportunity","line":22,"loc":{"start":{"line":22,"column":4},"end":{"line":45,"column":4}}},"4":{"name":"execute","line":48,"loc":{"start":{"line":48,"column":4},"end":{"line":98,"column":0}}}},"statementMap":{"1":{"start":{"line":19,"column":8},"end":{"line":19,"column":43}},"2":{"start":{"line":28,"column":8},"end":{"line":28,"column":77}},"3":{"start":{"line":29,"column":8},"end":{"line":29,"column":76}},"4":{"start":{"line":31,"column":8},"end":{"line":31,"column":48}},"5":{"start":{"line":34,"column":8},"end":{"li
[...]
":65},"end":{"line":524,"column":65}},{"start":{"line":524,"column":65},"end":{"line":524,"column":65}}]},"43":{"line":551,"type":"if","locations":[{"start":{"line":551,"column":63},"end":{"line":551,"column":63}},{"start":{"line":551,"column":63},"end":{"line":551,"column":63}}]},"44":{"line":562,"type":"if","locations":[{"start":{"line":562,"column":8},"end":{"line":562,"column":8}},{"start":{"line":562,"column":8},"end":{"line":562,"column":8}}]},"45":{"line":570,"type":"if","locations":[{"start":{"line":570,"column":12},"end":{"line":570,"column":12}},{"start":{"line":570,"column":12},"end":{"line":570,"column":12}}]},"46":{"line":584,"type":"if","locations":[{"start":{"line":584,"column":8},"end":{"line":584,"column":8}},{"start":{"line":584,"column":8},"end":{"line":584,"column":8}}]},"47":{"line":584,"type":"cond-expr","locations":[{"start":{"line":584,"column":12},"end":{"line":584,"column":57}},{"start":{"line":585,"column":12},"end":{"line":585,"column":57}}]},"48":{"line":584,"type":"cond-expr","locations":[{"start":{"line":584,"column":12},"end":{"line":585,"column":57}},{"start":{"line":586,"column":12},"end":{"line":586,"column":58}}]},"49":{"line":584,"type":"cond-expr","locations":[{"start":{"line":584,"column":12},"end":{"line":586,"column":58}},{"start":{"line":587,"column":12},"end":{"line":587,"column":63}}]},"50":{"line":602,"type":"if","locations":[{"start":{"line":602,"column":12},"end":{"line":602,"column":12}},{"start":{"line":602,"column":12},"end":{"line":602,"column":12}}]},"51":{"line":610,"type":"if","locations":[{"start":{"line":610,"column":12},"end":{"line":610,"column":12}},{"start":{"line":610,"column":12},"end":{"line":610,"column":12}}]}}},"contracts/zigt_stablecoin/ZiGTToken.sol":{"l":{"16":0,"17":0,"24":0,"28":0,"32":0},"path":"/Users/kudakwashemafutah/Documents/blockchainContracts/contracts/zigt_stablecoin/ZiGTToken.sol","s":{"1":0,"2":0,"3":0},"b":{"1":[0,0],"2":[0,0],"3":[0,0]},"f":{"1":0,"2":0,"3":0,"4":0},"fnMap":{"1":{"name":"onlyZiGT","line":15,"loc":{"start":{"line":15,"column":4},"end":{"line":18,"column":4}}},"2":{"name":"constructor","line":22,"loc":{"start":{"line":20,"column":4},"end":{"line":25,"column":4}}},"3":{"name":"mint","line":27,"loc":{"start":{"line":27,"column":4},"end":{"line":29,"column":4}}},"4":{"name":"burn","line":31,"loc":{"start":{"line":31,"column":4},"end":{"line":33,"column":4}}}},"statementMap":{"1":{"start":{"line":16,"column":8},"end":{"line":16,"column":52}},"2":{"start":{"line":28,"column":8},"end":{"line":28,"column":24}},"3":{"start":{"line":32,"column":8},"end":{"line":32,"column":26}}},"branchMap":{"1":{"line":16,"type":"if","locations":[{"start":{"line":16,"column":8},"end":{"line":16,"column":8}},{"start":{"line":16,"column":8},"end":{"line":16,"column":8}}]},"2":{"line":27,"type":"if","locations":[{"start":{"line":27,"column":55},"end":{"line":27,"column":55}},{"start":{"line":27,"column":55},"end":{"line":27,"column":55}}]},"3":{"line":31,"type":"if","locations":[{"start":{"line":31,"column":57},"end":{"line":31,"column":57}},{"start":{"line":31,"column":57},"end":{"line":31,"column":57}}]}}},"contracts/zigt/AssetBacking/ArtNFTRegistry.sol":{"l":{},"path":"/Users/kudakwashemafutah/Documents/blockchainContracts/contracts/zigt/AssetBacking/ArtNFTRegistry.sol","s":{},"b":{},"f":{},"fnMap":{},"statementMap":{},"branchMap":{}},"contracts/zigt/AssetBacking/GoldReserveVault.sol":{"l":{},"path":"/Users/kudakwashemafutah/Documents/blockchainContracts/contracts/zigt/AssetBacking/GoldReserveVault.sol","s":{},"b":{},"f":{},"fnMap":{},"statementMap":{},"branchMap":{}},"contracts/zigt/AssetBacking/RealEstateTokenization.sol":{"l":{},"path":"/Users/kudakwashemafutah/Documents/blockchainContracts/contracts/zigt/AssetBacking/RealEstateTokenization.sol","s":{},"b":{},"f":{},"fnMap":{},"statementMap":{},"branchMap":{}},"contracts/zigt/CoreReserve/AfroCentricReserve.sol":{"l":{},"path":"/Users/kudakwashemafutah/Documents/blockchainContracts/contracts/zigt/CoreReserve/AfroCentricReserve.sol","s":{},"b":{},"f":{},"fnMap":{},"statementMap":{},"branchMap":{}},"contracts/zigt/CoreReserve/DigitalForwardReserve.sol":{"l":{},"path":"/Users/kudakwashemafutah/Documents/blockchainContracts/contracts/zigt/CoreReserve/DigitalForwardReserve.sol","s":{},"b":{},"f":{},"fnMap":{},"statementMap":{},"branchMap":{}},"contracts/zigt/CoreReserve/StabilityReserveModel.sol":{"l":{},"path":"/Users/kudakwashemafutah/Documents/blockchainContracts/contracts/zigt/CoreReserve/StabilityReserveModel.sol","s":{},"b":{},"f":{},"fnMap":{},"statementMap":{},"branchMap":{}},"contracts/zigt/Governance/ProposalRegistry.sol":{"l":{},"path":"/Users/kudakwashemafutah/Documents/blockchainContracts/contracts/zigt/Governance/ProposalRegistry.sol","s":{},"b":{},"f":{},"fnMap":{},"statementMap":{},"branchMap":{}},"contracts/zigt/Governance/ReparationsDAO.sol":{"l":{"33":0,"34":0,"38":0,"39":0,"45":0,"46":0,"47":0,"52":0,"53":0,"57":0,"58":0,"59":0,"63":0,"71":0,"73":0,"76":0,"77":0,"84":0,"85":0,"92":0,"93":0,"94":0,"95":0,"97":0,"100":0,"102":0,"107":0,"111":0},"path":"/Users/kudakwashemafutah/Documents/blockchainContracts/contracts/zigt/Governance/ReparationsDAO.sol","s":{"1":0,"2":0,"3":0,"4":0,"5":0,"6":0,"7":0,"8":0,"9":0,"10":0,"11":0,"12":0,"13":0,"14":0,"15":0,"16":0,"17":0,"18":0,"19":0,"20":0,"21":0},"b":{"1":[0,0],"2":[0,0],"3":[0,0],"4":[0,0],"5":[0,0],"6":[0,0],"7":[0,0],"8":[0,0],"9":[0,0],"10":[0,0],"11":[0,0],"12":[0,0],"13":[0,0],"14":[0,0]},"f":{"1":0,"2":0,"3":0,"4":0,"5":0,"6":0,"7":0,"8":0},"fnMap":{"1":{"name":"onlyTimelock","line":32,"loc":{"start":{"line":32,"column":4},"end":{"line":35,"column":4}}},"2":{"name":"initialize","line":37,"loc":{"start":{"line":37,"column":4},"end":{"line":42,"column":4}}},"3":{"name":"setTimelockController","line":44,"loc":{"start":{"line":44,"column":4},"end":{"line":48,"column":4}}},"4":{"name":"setMinDelay","line":50,"loc":{"start":{"line":50,"column":4},"end":{"line":54,"column":4}}},"5":{"name":"setAuthorized","line":56,"loc":{"start":{"line":56,"column":4},"end":{"line":60,"column":4}}},"6":{"name":"isAuthorized","line":62,"loc":{"start":{"line":62,"column":4},"end":{"line":64,"column":4}}},"7":{"name":"propose","line":70,"loc":{"start":{"line":70,"column":4},"end":{"line":86,"column":4}}},"8":{"name":"execute","line":91,"loc":{"start":{"line":91,"column":4},"end":{"line":115,"column":4}}}},"statementMap":{"1":{"start":{"line":33,"column":8},"end":{"line":33,"column":105}},"2":{"start":{"line":38,"column":8},"end":{"line":38,"column":33}},"3":{"start":{"line":39,"column":8},"end":{"line":39,"column":31}},"4":{"start":{"line":45,"column":8},"end":{"line":45,"column":118}},"5":{"start":{"line":47,"column":8},"end":{"line":47,"column":62}},"6":{"start":{"line":53,"column":8},"end":{"line":53,"column":42}},"7":{"start":{"line":57,"column":8},"end":{"line":57,"column":81}},"8":{"start":{"line":59,"column":8},"end":{"line":59,"column":40}},"9":{"start":{"line":63,"column":8},"end":{"line":63,"column":31}},"10":{"start":{"line":71,"column":8},"end":{"line":71,"column":85}},"11":{"start":{"line":73,"column":8},"end":{"line":73,"column":105}},"12":{"start":{"line":84,"column":8},"end":{"line":84,"column":78}},"13":{"start":{"line":85,"column":8},"end":{"line":85,"column":28}},"14":{"start":{"line":92,"column":8},"end":{"line":92,"column":53}},"15":{"start":{"line":93,"column":8},"end":{"line":93,"column":118}},"16":{"start":{"line":94,"column":8},"end":{"line":94,"column":87}},"17":{"start":{"line":95,"column":8},"end":{"line":95,"column":75}},"18":{"start":{"line":100,"column":8},"end":{"line":100,"column":81}},"19":{"start":{"line":102,"column":8},"end":{"line":102,"column":4826}},"20":{"start":{"line":107,"column":12},"end":{"line":107,"column":62}},"21":{"start":{"line":111,"column":8},"end":{"line":111,"column":69}}},"branchMap":{"1":{"line":33,"type":"if","locations":[{"start":{"line":33,"column":8},"end":{"line":33,"column":8}},{"start":{"line":33,"column":8},"end":{"line":33,"column":8}}]},"2":{"line":37,"type":"if","locations":[{"start":{"line":37,"column":33},"end":{"line":37,"column":33}},{"start":{"line":37,"column":33},"end":{"line":37,"column":33}}]},"3":{"line":44,"type":"if","locations":[{"start":{"line":44,"column":76},"end":{"line":44,"column":76}},{"start":{"line":44,"column":76},"end":{"line":44,"column":76}}]},"4":{"line":45,"type":"if","locations":[{"start":{"line":45,"column":8},"end":{"line":45,"column":8}},{"start":{"line":45,"column":8},"end":{"line":45,"column":8}}]},"5":{"line":50,"type":"if","locations":[{"start":{"line":50,"column":56},"end":{"line":50,"column":56}},{"start":{"line":50,"column":56},"end":{"line":50,"column":56}}]},"6":{"line":56,"type":"if","locations":[{"start":{"line":56,"column":63},"end":{"line":56,"column":63}},{"start":{"line":56,"column":63},"end":{"line":56,"column":63}}]},"7":{"line":57,"type":"if","locations":[{"start":{"line":57,"column":8},"end":{"line":57,"column":8}},{"start":{"line":57,"column":8},"end":{"line":57,"column":8}}]},"8":{"line":71,"type":"if","locations":[{"start":{"line":71,"column":8},"end":{"line":71,"column":8}},{"start":{"line":71,"column":8},"end":{"line":71,"column":8}}]},"9":{"line":73,"type":"if","locations":[{"start":{"line":73,"column":8},"end":{"line":73,"column":8}},{"start":{"line":73,"column":8},"end":{"line":73,"column":8}}]},"10":{"line":91,"type":"if","locations":[{"start":{"line":91,"column":50},"end":{"line":91,"column":50}},{"start":{"line":91,"column":50},"end":{"line":91,"column":50}}]},"11":{"line":93,"type":"if","locations":[{"start":{"line":93,"column":8},"end":{"line":93,"column":8}},{"start":{"line":93,"column":8},"end":{"line":93,"column":8}}]},"12":{"line":94,"type":"if","locations":[{"start":{"line":94,"column":8},"end":{"line":94,"column":8}},{"start":{"line":94,"column":8},"end":{"line":94,"column":8}}]},"13":{"line":95,"type":"if","locations":[{"start":{"line":95,"column":8},"end":{"line":95,"column":8}},{"start":{"line":95,"column":8},"end":{"line":95,"column":8}}]},"14":{"line":102,"type":"if","locations":[{"start":{"line":102,"column":8},"end":{"line":102,"column":8}},{"start":{"line":102,"column":8},"end":{"line":102,"column":8}}]}}},"contracts/zigt/Governance/ZiGGovernanceToken.sol":{"l":{"26":0,"27":0,"28":0,"29":0,"30":0,"32":0,"33":0,"34":0,"36":0,"37":0,"53":0,"62":0,"67":0,"76":0,"77":0,"78":0},"path":"/Users/kudakwashemafutah/Documents/blockchainContracts/contracts/zigt/Governance/ZiGGovernanceToken.sol","s":{"1":0,"2":0,"3":0,"4":0,"5":0,"6":0,"7":0,"8":0,"9":0,"10":0,"11":0,"12":0,"13":0,"14":0},"b":{"1":[0,0],"2":[0,0],"3":[0,0],"4":[0,0],"5":[0,0],"6":[0,0],"7":[0,0]},"f":{"1":0,"2":0,"3":0,"4":0,"5":0,"6":0},"fnMap":{"1":{"name":"initialize","line":25,"loc":{"start":{"line":21,"column":4},"end":{"line":38,"column":4}}},"2":{"name":"_update","line":49,"loc":{"start":{"line":49,"column":4},"end":{"line":54,"column":4}}},"3":{"name":"nonces","line":56,"loc":{"start":{"line":56,"column":4},"end":{"line":63,"column":4}}},"4":{"name":"mint","line":66,"loc":{"start":{"line":66,"column":4},"end":{"line":68,"column":4}}},"5":{"name":"_authorizeUpgrade","line":70,"loc":{"start":{"line":70,"column":4},"end":{"line":70,"column":87}}},"6":{"name":"snapshot","line":75,"loc":{"start":{"line":75,"column":4},"end":{"line":79,"column":4}}}},"statementMap":{"1":{"start":{"line":26,"column":8},"end":{"line":26,"column":48}},"2":{"start":{"line":27,"column":8},"end":{"line":27,"column":47}},"3":{"start":{"line":28,"column":8},"end":{"line":28,"column":26}},"4":{"start":{"line":29,"column":8},"end":{"line":29,"column":36}},"5":{"start":{"line":30,"column":8},"end":{"line":30,"column":31}},"6":{"start":{"line":32,"column":8},"end":{"line":32,"column":81}},"7":{"start":{"line":33,"column":8},"end":{"line":33,"column":75}},"8":{"start":{"line":34,"column":8},"end":{"line":34,"column":77}},"9":{"start":{"line":37,"column":8},"end":{"line":37,"column":44}},"10":{"start":{"line":53,"column":8},"end":{"line":53,"column":37}},"11":{"start":{"line":62,"column":8},"end":{"line":62,"column":34}},"12":{"start":{"line":67,"column":8},"end":{"line":67,"column":24}},"13":{"start":{"line":77,"column":8},"end":{"line":77,"column":40}},"14":{"start":{"line":78,"column":8},"end":{"line":78,"column":32}}},"branchMap":{"1":{"line":25,"type":"if","locations":[{"start":{"line":25,"column":13},"end":{"line":25,"column":13}},{"start":{"line":25,"column":13},"end":{"line":25,"column":13}}]},"2":{"line":32,"type":"if","locations":[{"start":{"line":32,"column":8},"end":{"line":32,"column":8}},{"start":{"line":32,"column":8},"end":{"line":32,"column":8}}]},"3":{"line":33,"type":"if","locations":[{"start":{"line":33,"column":8},"end":{"line":33,"column":8}},{"start":{"line":33,"column":8},"end":{"line":33,"column":8}}]},"4":{"line":34,"type":"if","locations":[{"start":{"line":34,"column":8},"end":{"line":34,"column":8}},{"start":{"line":34,"column":8},"end":{"line":34,"column":8}}]},"5":{"line":66,"type":"if","locations":[{"start":{"line":66,"column":53},"end":{"line":66,"column":53}},{"start":{"line":66,"column":53},"end":{"line":66,"column":53}}]},"6":{"line":70,"type":"if","locations":[{"start":{"line":70,"column":76},"end":{"line":70,"column":76}},{"start":{"line":70,"column":76},"end":{"line":70,"column":76}}]},"7":{"line":75,"type":"if","locations":[{"start":{"line":75,"column":33},"end":{"line":75,"column":33}},{"start":{"line":75,"column":33},"end":{"line":75,"column":33}}]}}},"contracts/zigt/libraries/ZiGPricingMath.sol":{"l":{"12":0,"13":0,"14":0,"15":0,"17":0,"22":0,"23":0,"25":0,"27":0,"30":0},"path":"/Users/kudakwashemafutah/Documents/blockchainContracts/contracts/zigt/libraries/ZiGPricingMath.sol","s":{"1":0,"2":0,"3":0,"4":0,"5":0,"6":0,"7":0,"8":0,"9":0},"b":{"1":[0,0],"2":[0,0]},"f":{"1":0,"2":0},"fnMap":{"1":{"name":"powUint","line":11,"loc":{"start":{"line":11,"column":4},"end":{"line":18,"column":4}}},"2":{"name":"powPriceUint","line":21,"loc":{"start":{"line":21,"column":4},"end":{"line":32,"column":4}}}},"statementMap":{"1":{"start":{"line":12,"column":8},"end":{"line":12,"column":28}},"2":{"start":{"line":13,"column":8},"end":{"line":13,"column":28}},"3":{"start":{"line":14,"column":8},"end":{"line":14,"column":547}},"4":{"start":{"line":22,"column":8},"end":{"line":22,"column":34}},"5":{"start":{"line":22,"column":23},"end":{"line":22,"column":34}},"6":{"start":{"line":23,"column":8},"end":{"line":23,"column":28}},"7":{"start":{"line":25,"column":8},"end":{"line":25,"column":1018}},"8":{"start":{"line":27,"column":12},"end":{"line":27,"column":55}},"9":{"start":{"line":30,"column":12},"end":{"line":30,"column":71}}},"branchMap":{"1":{"line":22,"type":"if","locations":[{"start":{"line":22,"column":8},"end":{"line":22,"column":8}},{"start":{"line":22,"column":8},"end":{"line":22,"column":8}}]},"2":{"line":25,"type":"if","locations":[{"start":{"line":25,"column":8},"end":{"line":25,"column":8}},{"start":{"line":25,"column":8},"end":{"line":25,"column":8}}]}}},"contracts/zigt/libraries/ZiGTCore.sol":{"l":{},"path":"/Users/kudakwashemafutah/Documents/blockchainContracts/contracts/zigt/libraries/ZiGTCore.sol","s":{},"b":{},"f":{},"fnMap":{},"statementMap":{},"branchMap":{}},"contracts/zigt/libraries/ZiGTGovernance.sol":{"l":{},"path":"/Users/kudakwashemafutah/Documents/blockchainContracts/contracts/zigt/libraries/ZiGTGovernance.sol","s":{},"b":{},"f":{},"fnMap":{},"statementMap":{},"branchMap":{}},"contracts/zigt/libraries/ZiGTOracles.sol":{"l":{},"path":"/Users/kudakwashemafutah/Documents/blockchainContracts/contracts/zigt/libraries/ZiGTOracles.sol","s":{},"b":{},"f":{},"fnMap":{},"statementMap":{},"branchMap":{}},"contracts/zigt/Oracles/ForexFeedAdapter.sol":{"l":{},"path":"/Users/kudakwashemafutah/Documents/blockchainContracts/contracts/zigt/Oracles/ForexFeedAdapter.sol","s":{},"b":{},"f":{},"fnMap":{},"statementMap":{},"branchMap":{}},"contracts/zigt/Oracles/MultiSourceOracle.sol":{"l":{},"path":"/Users/kudakwashemafutah/Documents/blockchainContracts/contracts/zigt/Oracles/MultiSourceOracle.sol","s":{},"b":{},"f":{},"fnMap":{},"statementMap":{},"branchMap":{}},"contracts/zigt/Oracles/RedstoneIntegration.sol":{"l":{},"path":"/Users/kudakwashemafutah/Documents/blockchainContracts/contracts/zigt/Oracles/RedstoneIntegration.sol","s":{},"b":{},"f":{},"fnMap":{},"statementMap":{},"branchMap":{}},"contracts/zigt/StrategicDirections/ContinentalStrategy.sol":{"l":{},"path":"/Users/kudakwashemafutah/Documents/blockchainContracts/contracts/zigt/StrategicDirections/ContinentalStrategy.sol","s":{},"b":{},"f":{},"fnMap":{},"statementMap":{},"branchMap":{}},"contracts/zigt/StrategicDirections/Famous8PlusZARStrategy.sol":{"l":{},"path":"/Users/kudakwashemafutah/Documents/blockchainContracts/contracts/zigt/StrategicDirections/Famous8PlusZARStrategy.sol","s":{},"b":{},"f":{},"fnMap":{},"statementMap":{},"branchMap":{}},"contracts/zigt/StrategicDirections/ReparationsEngine.sol":{"l":{"7":0},"path":"/Users/kudakwashemafutah/Documents/blockchainContracts/contracts/zigt/StrategicDirections/ReparationsEngine.sol","s":{"1":0},"b":{},"f":{"1":0},"fnMap":{"1":{"name":"calculateReparations","line":2,"loc":{"start":{"line":2,"column":4},"end":{"line":8,"column":4}}}},"statementMap":{"1":{"start":{"line":7,"column":8},"end":{"line":7,"column":60}}},"branchMap":{}},"contracts/zigt/StrategicDirections/ZiGMirrorStrategy.sol":{"l":{},"path":"/Users/kudakwashemafutah/Documents/blockchainContracts/contracts/zigt/StrategicDirections/ZiGMirrorStrategy.sol","s":{},"b":{},"f":{},"fnMap":{},"statementMap":{},"branchMap":{}},"contracts/zigt/Utilities/CrossChainBridge.sol":{"l":{},"path":"/Users/kudakwashemafutah/Documents/blockchainContracts/contracts/zigt/Utilities/CrossChainBridge.sol","s":{},"b":{},"f":{},"fnMap":{},"statementMap":{},"branchMap":{}},"contracts/zigt/Utilities/FeeDistributor.sol":{"l":{},"path":"/Users/kudakwashemafutah/Documents/blockchainContracts/contracts/zigt/Utilities/FeeDistributor.sol","s":{},"b":{},"f":{},"fnMap":{},"statementMap":{},"branchMap":{}},"contracts/zigt/Utilities/ReparationsCalculator.sol":{"l":{},"path":"/Users/kudakwashemafutah/Documents/blockchainContracts/contracts/zigt/Utilities/ReparationsCalculator.sol","s":{},"b":{},"f":{},"fnMap":{},"statementMap":{},"branchMap":{}},"contracts/zigt/ZiGCrossChain.sol":{"l":{"13":0,"23":0,"31":0,"36":0,"41":0,"42":0,"46":0,"48":0,"49":0,"50":0,"52":0},"path":"/Users/kudakwashemafutah/Documents/blockchainContracts/contracts/zigt/ZiGCrossChain.sol","s":{"1":0,"2":0,"3":0,"4":0,"5":0,"6":0,"7":0,"8":0,"9":0,"10":0},"b":{"1":[0,0],"2":[0,0]},"f":{"1":0,"2":0,"3":0},"fnMap":{"1":{"name":"constructor","line":12,"loc":{"start":{"line":12,"column":4},"end":{"line":14,"column":4}}},"2":{"name":"_sendCrossChainMessage","line":19,"loc":{"start":{"line":19,"column":4},"end":{"line":43,"column":4}}},"3":{"name":"_ccipReceive","line":45,"loc":{"start":{"line":45,"column":4},"end":{"line":53,"column":4}}}},"statementMap":{"1":{"start":{"line":23,"column":8},"end":{"line":23,"column":706}},"2":{"start":{"line":31,"column":8},"end":{"line":31,"column":975}},"3":{"start":{"line":36,"column":8},"end":{"line":36,"column":1094}},"4":{"start":{"line":41,"column":8},"end":{"line":41,"column":35}},"5":{"start":{"line":42,"column":8},"end":{"line":42,"column":24}},"6":{"start":{"line":46,"column":8},"end":{"line":46,"column":83}},"7":{"start":{"line":48,"column":8},"end":{"line":48,"column":88}},"8":{"start":{"line":49,"column":8},"end":{"line":49,"column":44}},"9":{"start":{"line":50,"column":8},"end":{"line":50,"column":50}},"10":{"start":{"line":52,"column":8},"end":{"line":52,"column":47}}},"branchMap":{"1":{"line":46,"type":"if","locations":[{"start":{"line":46,"column":8},"end":{"line":46,"column":8}},{"start":{"line":46,"column":8},"end":{"line":46,"column":8}}]},"2":{"line":50,"type":"if","locations":[{"start":{"line":50,"column":8},"end":{"line":50,"column":8}},{"start":{"line":50,"column":8},"end":{"line":50,"column":8}}]}}}}